#
# A fatal error has been detected by the Java Runtime Environment:
#
#  SIGSEGV (0xb) at pc=0x00007f3292284ad4, pid=13972, tid=0x00007f32629b4700
#
# JRE version: Java(TM) SE Runtime Environment (8.0_92-b14) (build 1.8.0_92-b14)
# Java VM: Java HotSpot(TM) 64-Bit Server VM (25.92-b14 mixed mode linux-amd64 compressed oops)
# Problematic frame:
# V  [libjvm.so+0x6d8ad4]  get_method_id(JNIEnv_*, _jclass*, char const*, char const*, bool, Thread*)+0x84
#
# Failed to write core dump. Core dumps have been disabled. To enable core dumping, try "ulimit -c unlimited" before starting Java again
#
# If you would like to submit a bug report, please visit:
#   http://bugreport.java.com/bugreport/crash.jsp
#

---------------  T H R E A D  ---------------

Current thread (0x00007f3238008000):  JavaThread "RMI TCP Connection(6)-127.0.0.1" daemon [_thread_in_vm, id=14047, stack(0x00007f32628b4000,0x00007f32629b5000)]

siginfo: si_signo: 11 (SIGSEGV), si_code: 1 (SEGV_MAPERR), si_addr: 0x0000000000000000

Registers:
RAX=0x0000000000000000, RBX=0x00007f32629b02cc, RCX=0x0000000000000000, RDX=0x0000000000000028
RSP=0x00007f32629b02a0, RBP=0x00007f32629b0300, RSI=0x00007f32626b08c4, RDI=0x00007f32935da8c0
R8 =0x0000000000000000, R9 =0x00007f3238008000, R10=0x00007f3292f4efe0, R11=0x0000000000000000
R12=0x00007f32626b08df, R13=0x00007f32935da8c0, R14=0x00007f32935d8b90, R15=0x00007f32626b08df
RIP=0x00007f3292284ad4, EFLAGS=0x0000000000010206, CSGSFS=0x0000000000000033, ERR=0x0000000000000004
  TRAPNO=0x000000000000000e

Top of Stack: (sp=0x00007f32629b02a0)
0x00007f32629b02a0:   00007f32629b0390 00007f3238008000
0x00007f32629b02b0:   01007f3238008000 0000000000000000
0x00007f32629b02c0:   00007f323406d910 3346c30f629b02e0
0x00007f32629b02d0:   00007f32380081f8 00007f3238008000
0x00007f32629b02e0:   00007f32629b0320 00007f32380081f8
0x00007f32629b02f0:   00007f32626b08c5 00007f32626b08df
0x00007f32629b0300:   00007f32629b0390 00007f3292284dba
0x00007f32629b0310:   00007f32629b0390 0000000000000000
0x00007f32629b0320:   00007f3238008000 00007f32380056d8
0x00007f32629b0330:   00000000000003b4 00007f32926d68d0
0x00007f32629b0340:   00007f3238008000 00007f32626a98b8
0x00007f32629b0350:   00007f3238008000 00007f3220007d58
0x00007f32629b0360:   00007f32380081f8 0000000000000000
0x00007f32629b0370:   00007f32380081f8 00007f32629b04e0
0x00007f32629b0380:   0000000000000000 00007f3220007d58
0x00007f32629b0390:   00007f32380081f8 00007f32626ab9aa
0x00007f32629b03a0:   00000004342ae170 00007f32380081f8
0x00007f32629b03b0:   00007f3220007d58 00007f32626abaa5
0x00007f32629b03c0:   00007f32342ae170 00007f3220007d58
0x00007f32629b03d0:   00007f32501d8b00 00007f32626ac173
0x00007f32629b03e0:   00007f32629b0530 0000000000000000
0x00007f32629b03f0:   00007f32629b0520 00007f32629b0530
0x00007f32629b0400:   00007f3238008000 00007f329234e685
0x00007f32629b0410:   00007f3200000363 00007f3220007e90
0x00007f32629b0420:   00007f32629b04ec 00007f32629b04e0
0x00007f32629b0430:   0000000000000000 00007f32629b0470
0x00007f32629b0440:   0100000000000000 00007f32342ae170
0x00007f32629b0450:   0000000000000000 00007f32501d8b00
0x00007f32629b0460:   0000000000000000 00007f32629b0468
0x00007f32629b0470:   00007f3277e69121 00007f32380071e0
0x00007f32629b0480:   00007f32501d8ac0 00007f32501d8b30
0x00007f32629b0490:   00007f32501d8ea8 00000000000003d8 

Instructions: (pc=0x00007f3292284ad4)
0x00007f3292284ab4:   89 c6 e8 d5 05 35 00 4d 85 f6 49 89 c5 0f 84 e1
0x00007f3292284ac4:   01 00 00 48 85 c0 0f 84 a0 00 00 00 48 8b 45 b8
0x00007f3292284ad4:   48 8b 38 e8 a4 7f fb ff 84 c0 75 60 48 8b 45 b8
0x00007f3292284ae4:   31 db 48 8b 38 e8 12 7f fb ff 49 89 c4 48 8b 00 

Register to memory mapping:

RAX=0x0000000000000000 is an unknown value
RBX=0x00007f32629b02cc is pointing into the stack for thread: 0x00007f3238008000
RCX=0x0000000000000000 is an unknown value
RDX=0x0000000000000028 is an unknown value
RSP=0x00007f32629b02a0 is pointing into the stack for thread: 0x00007f3238008000
RBP=0x00007f32629b0300 is pointing into the stack for thread: 0x00007f3238008000
RSI=0x00007f32626b08c4: <offset 0x78c4> in /usr/lib/jvm/java-8-oracle/lib/visualvm/profiler/lib/deployed/jdk16/linux-amd64/libprofilerinterface.so at 0x00007f32626a9000
RDI=0x00007f32935da8c0 is an unknown value
R8 =0x0000000000000000 is an unknown value
R9 =0x00007f3238008000 is a thread
R10=0x00007f3292f4efe0: <offset 0x3bcfe0> in /lib/x86_64-linux-gnu/libc.so.6 at 0x00007f3292b92000
R11=0x0000000000000000 is an unknown value
R12=0x00007f32626b08df: <offset 0x78df> in /usr/lib/jvm/java-8-oracle/lib/visualvm/profiler/lib/deployed/jdk16/linux-amd64/libprofilerinterface.so at 0x00007f32626a9000
R13=0x00007f32935da8c0 is an unknown value
R14=0x00007f32935d8b90 is an unknown value
R15=0x00007f32626b08df: <offset 0x78df> in /usr/lib/jvm/java-8-oracle/lib/visualvm/profiler/lib/deployed/jdk16/linux-amd64/libprofilerinterface.so at 0x00007f32626a9000


Stack: [0x00007f32628b4000,0x00007f32629b5000],  sp=0x00007f32629b02a0,  free space=1008k
Native frames: (J=compiled Java code, j=interpreted, Vv=VM code, C=native code)
V  [libjvm.so+0x6d8ad4]  get_method_id(JNIEnv_*, _jclass*, char const*, char const*, bool, Thread*)+0x84
V  [libjvm.so+0x6d8dba]  jni_GetStaticMethodID+0xda
C  [libprofilerinterface.so+0x29aa]  set_system_loader+0x6a

Java frames: (J=compiled Java code, j=interpreted, Vv=VM code)
j  sun.misc.Unsafe.defineClass(Ljava/lang/String;[BIILjava/lang/ClassLoader;Ljava/security/ProtectionDomain;)Ljava/lang/Class;+0
j  sun.reflect.ClassDefiner.defineClass(Ljava/lang/String;[BIILjava/lang/ClassLoader;)Ljava/lang/Class;+27
j  sun.reflect.MethodAccessorGenerator$1.run()Lsun/reflect/MagicAccessorImpl;+21
j  sun.reflect.MethodAccessorGenerator$1.run()Ljava/lang/Object;+1
v  ~StubRoutines::call_stub
J 1250  java.security.AccessController.doPrivileged(Ljava/security/PrivilegedAction;)Ljava/lang/Object; (0 bytes) @ 0x00007f327d36d10f [0x00007f327d36d0c0+0x4f]
j  sun.reflect.MethodAccessorGenerator.generate(Ljava/lang/Class;Ljava/lang/String;[Ljava/lang/Class;Ljava/lang/Class;[Ljava/lang/Class;IZZLjava/lang/Class;)Lsun/reflect/MagicAccessorImpl;+755
J 1361 C1 sun.reflect.NativeMethodAccessorImpl.invoke(Ljava/lang/Object;[Ljava/lang/Object;)Ljava/lang/Object; (104 bytes) @ 0x00007f327d174934 [0x00007f327d173a00+0xf34]
J 1482 C2 java.lang.reflect.Method.invoke(Ljava/lang/Object;[Ljava/lang/Object;)Ljava/lang/Object; (62 bytes) @ 0x00007f327d20a338 [0x00007f327d20a280+0xb8]
j  sun.rmi.server.UnicastServerRef.dispatch(Ljava/rmi/Remote;Ljava/rmi/server/RemoteCall;)V+209
j  sun.rmi.transport.Transport$1.run()Ljava/lang/Void;+23
j  sun.rmi.transport.Transport$1.run()Ljava/lang/Object;+1
v  ~StubRoutines::call_stub
J 1763  java.security.AccessController.doPrivileged(Ljava/security/PrivilegedExceptionAction;Ljava/security/AccessControlContext;)Ljava/lang/Object; (0 bytes) @ 0x00007f327d115fe3 [0x00007f327d115f80+0x63]
j  sun.rmi.transport.Transport.serviceCall(Ljava/rmi/server/RemoteCall;)Z+157
j  sun.rmi.transport.tcp.TCPTransport.handleMessages(Lsun/rmi/transport/Connection;Z)V+185
j  sun.rmi.transport.tcp.TCPTransport$ConnectionHandler.run0()V+680
j  sun.rmi.transport.tcp.TCPTransport$ConnectionHandler.lambda$run$0()Ljava/lang/Void;+1
j  sun.rmi.transport.tcp.TCPTransport$ConnectionHandler$$Lambda$1.run()Ljava/lang/Object;+4
v  ~StubRoutines::call_stub
J 1669  java.security.AccessController.doPrivileged(Ljava/security/PrivilegedAction;Ljava/security/AccessControlContext;)Ljava/lang/Object; (0 bytes) @ 0x00007f327d1f7163 [0x00007f327d1f7100+0x63]
j  sun.rmi.transport.tcp.TCPTransport$ConnectionHandler.run()V+58
j  java.util.concurrent.ThreadPoolExecutor.runWorker(Ljava/util/concurrent/ThreadPoolExecutor$Worker;)V+95
j  java.util.concurrent.ThreadPoolExecutor$Worker.run()V+5
j  java.lang.Thread.run()V+11
v  ~StubRoutines::call_stub

---------------  P R O C E S S  ---------------

Java Threads: ( => current thread )
  0x00007f323800b800 JavaThread "RMI TCP Connection(7)-127.0.0.1" daemon [_thread_in_native, id=14070, stack(0x00007f32625a8000,0x00007f32626a9000)]
  0x00007f323800a000 JavaThread "RMI TCP Connection(5)-127.0.0.1" daemon [_thread_in_vm, id=14048, stack(0x00007f32627b3000,0x00007f32628b4000)]
=>0x00007f3238008000 JavaThread "RMI TCP Connection(6)-127.0.0.1" daemon [_thread_in_vm, id=14047, stack(0x00007f32628b4000,0x00007f32629b5000)]
  0x00007f3238006800 JavaThread "RMI TCP Connection(idle)" daemon [_thread_blocked, id=14040, stack(0x00007f3262bbf000,0x00007f3262cc0000)]
  0x00007f3238005000 JavaThread "RMI TCP Connection(3)-127.0.0.1" daemon [_thread_in_vm, id=14039, stack(0x00007f32740a5000,0x00007f32741a6000)]
  0x00007f322c032800 JavaThread "JMX server connection timeout 14" daemon [_thread_blocked, id=14035, stack(0x00007f32741a6000,0x00007f32742a7000)]
  0x00007f322c02c800 JavaThread "RMI Scheduler(0)" daemon [_thread_blocked, id=14033, stack(0x00007f32742a7000,0x00007f32743a8000)]
  0x00007f3238003800 JavaThread "RMI TCP Connection(1)-127.0.0.1" daemon [_thread_in_vm, id=14032, stack(0x00007f32743a8000,0x00007f32744a9000)]
  0x00007f3234230800 JavaThread "RMI TCP Accept-0" daemon [_thread_blocked, id=14029, stack(0x00007f32744a9000,0x00007f32745aa000)]
  0x00007f324c001000 JavaThread "Attach Listener" daemon [_thread_blocked, id=14027, stack(0x00007f3275029000,0x00007f327512a000)]
  0x00007f328c0c8800 JavaThread "Service Thread" daemon [_thread_blocked, id=13996, stack(0x00007f327591d000,0x00007f3275a1e000)]
  0x00007f328c0c5800 JavaThread "C1 CompilerThread2" daemon [_thread_blocked, id=13995, stack(0x00007f3275a1e000,0x00007f3275b1f000)]
  0x00007f328c0c3800 JavaThread "C2 CompilerThread1" daemon [_thread_blocked, id=13994, stack(0x00007f3275b1f000,0x00007f3275c20000)]
  0x00007f328c0c0800 JavaThread "C2 CompilerThread0" daemon [_thread_blocked, id=13993, stack(0x00007f3275c20000,0x00007f3275d21000)]
  0x00007f328c0bf000 JavaThread "Signal Dispatcher" daemon [_thread_blocked, id=13992, stack(0x00007f3275d21000,0x00007f3275e22000)]
  0x00007f328c08c000 JavaThread "Finalizer" daemon [_thread_blocked, id=13986, stack(0x00007f3276516000,0x00007f3276617000)]
  0x00007f328c087800 JavaThread "Reference Handler" daemon [_thread_blocked, id=13985, stack(0x00007f3276617000,0x00007f3276718000)]
  0x00007f328c012000 JavaThread "main" [_thread_blocked, id=13977, stack(0x00007f329368c000,0x00007f329378d000)]

Other Threads:
  0x00007f328c080000 VMThread [stack: 0x00007f3276718000,0x00007f3276819000] [id=13983]
  0x00007f328c0cb800 WatcherThread [stack: 0x00007f327581c000,0x00007f327591d000] [id=13997]

VM state:synchronizing (normal execution)

VM Mutex/Monitor currently owned by a thread:  ([mutex/lock_event])
[0x00007f328c00e6b0] Threads_lock - owner thread: 0x00007f328c080000
[0x00007f328c00ebb0] Heap_lock - owner thread: 0x00007f324c001000

Heap:
 PSYoungGen      total 591872K, used 296448K [0x0000000789d80000, 0x00000007c0000000, 0x00000007c0000000)
  eden space 296448K, 100% used [0x0000000789d80000,0x000000079bf00000,0x000000079bf00000)
  from space 295424K, 0% used [0x00000007adf80000,0x00000007adf80000,0x00000007c0000000)
  to   space 295424K, 0% used [0x000000079bf00000,0x000000079bf00000,0x00000007adf80000)
 ParOldGen       total 1775104K, used 1775070K [0x000000071d800000, 0x0000000789d80000, 0x0000000789d80000)
  object space 1775104K, 99% used [0x000000071d800000,0x0000000789d77b60,0x0000000789d80000)
 Metaspace       used 9636K, capacity 9958K, committed 10496K, reserved 1058816K
  class space    used 1047K, capacity 1152K, committed 1280K, reserved 1048576K

Card table byte_map: [0x00007f327caeb000,0x00007f327d000000] byte_map_base: 0x00007f32791ff000

Marking Bits: (ParMarkBitMap*) 0x00007f3292b654c0
 Begin Bits: [0x00007f3262ec0000, 0x00007f3265760000)
 End Bits:   [0x00007f3265760000, 0x00007f3268000000)

Polling page: 0x00007f32937ae000

CodeCache: size=245760Kb used=4822Kb max_used=4938Kb free=240937Kb
 bounds [0x00007f327d000000, 0x00007f327d4f0000, 0x00007f328c000000]
 total_blobs=1700 nmethods=1357 adapters=258
 compilation: enabled

Compilation events (10 events):
Event: 247.480 Thread 0x00007f328c0c5800 nmethod 1794 0x00007f327d2c1a10 code [0x00007f327d2c1d80, 0x00007f327d2c3a78]
Event: 272.145 Thread 0x00007f328c0c0800 1795       4       java.lang.Integer::reverseBytes (26 bytes)
Event: 272.145 Thread 0x00007f328c0c0800 nmethod 1795 0x00007f327d2631d0 code [0x00007f327d263300, 0x00007f327d263378]
Event: 278.447 Thread 0x00007f328c0c5800 1796       3       java.util.Properties::loadConvert (505 bytes)
Event: 278.449 Thread 0x00007f328c0c5800 nmethod 1796 0x00007f327d3ec5d0 code [0x00007f327d3ec7c0, 0x00007f327d3ed0d8]
Event: 278.449 Thread 0x00007f328c0c5800 1797       3       java.util.Hashtable$Enumerator::hasNext (5 bytes)
Event: 278.450 Thread 0x00007f328c0c5800 nmethod 1797 0x00007f327d124a90 code [0x00007f327d124c00, 0x00007f327d124da8]
Event: 278.450 Thread 0x00007f328c0c5800 1801       1       java.lang.CharacterDataLatin1::getProperties (11 bytes)
Event: 278.450 Thread 0x00007f328c0c5800 nmethod 1801 0x00007f327d3dcf10 code [0x00007f327d3dd080, 0x00007f327d3dd1b0]
Event: 278.450 Thread 0x00007f328c0c5800 1798       3       java.util.Hashtable$Enumerator::next (27 bytes)

GC Heap History (10 events):
Event: 264.694 GC heap before
{Heap before GC invocations=69 (full 49):
 PSYoungGen      total 591872K, used 296448K [0x0000000789d80000, 0x00000007c0000000, 0x00000007c0000000)
  eden space 296448K, 100% used [0x0000000789d80000,0x000000079bf00000,0x000000079bf00000)
  from space 295424K, 0% used [0x00000007adf80000,0x00000007adf80000,0x00000007c0000000)
  to   space 295424K, 0% used [0x000000079bf00000,0x000000079bf00000,0x00000007adf80000)
 ParOldGen       total 1775104K, used 1775078K [0x000000071d800000, 0x0000000789d80000, 0x0000000789d80000)
  object space 1775104K, 99% used [0x000000071d800000,0x0000000789d798f0,0x0000000789d80000)
 Metaspace       used 9620K, capacity 9970K, committed 10496K, reserved 1058816K
  class space    used 1046K, capacity 1154K, committed 1280K, reserved 1048576K
Event: 268.354 GC heap after
Heap after GC invocations=69 (full 49):
 PSYoungGen      total 591872K, used 295689K [0x0000000789d80000, 0x00000007c0000000, 0x00000007c0000000)
  eden space 296448K, 99% used [0x0000000789d80000,0x000000079be426e0,0x000000079bf00000)
  from space 295424K, 0% used [0x00000007adf80000,0x00000007adf80000,0x00000007c0000000)
  to   space 295424K, 0% used [0x000000079bf00000,0x000000079bf00000,0x00000007adf80000)
 ParOldGen       total 1775104K, used 1775075K [0x000000071d800000, 0x0000000789d80000, 0x0000000789d80000)
  object space 1775104K, 99% used [0x000000071d800000,0x0000000789d78f30,0x0000000789d80000)
 Metaspace       used 9613K, capacity 9958K, committed 10496K, reserved 1058816K
  class space    used 1045K, capacity 1152K, committed 1280K, reserved 1048576K
}
Event: 268.355 GC heap before
{Heap before GC invocations=70 (full 50):
 PSYoungGen      total 591872K, used 296448K [0x0000000789d80000, 0x00000007c0000000, 0x00000007c0000000)
  eden space 296448K, 100% used [0x0000000789d80000,0x000000079bf00000,0x000000079bf00000)
  from space 295424K, 0% used [0x00000007adf80000,0x00000007adf80000,0x00000007c0000000)
  to   space 295424K, 0% used [0x000000079bf00000,0x000000079bf00000,0x00000007adf80000)
 ParOldGen       total 1775104K, used 1775075K [0x000000071d800000, 0x0000000789d80000, 0x0000000789d80000)
  object space 1775104K, 99% used [0x000000071d800000,0x0000000789d78f30,0x0000000789d80000)
 Metaspace       used 9613K, capacity 9958K, committed 10496K, reserved 1058816K
  class space    used 1045K, capacity 1152K, committed 1280K, reserved 1048576K
Event: 272.142 GC heap after
Heap after GC invocations=70 (full 50):
 PSYoungGen      total 591872K, used 295708K [0x0000000789d80000, 0x00000007c0000000, 0x00000007c0000000)
  eden space 296448K, 99% used [0x0000000789d80000,0x000000079be47288,0x000000079bf00000)
  from space 295424K, 0% used [0x00000007adf80000,0x00000007adf80000,0x00000007c0000000)
  to   space 295424K, 0% used [0x000000079bf00000,0x000000079bf00000,0x00000007adf80000)
 ParOldGen       total 1775104K, used 1775075K [0x000000071d800000, 0x0000000789d80000, 0x0000000789d80000)
  object space 1775104K, 99% used [0x000000071d800000,0x0000000789d78f30,0x0000000789d80000)
 Metaspace       used 9613K, capacity 9958K, committed 10496K, reserved 1058816K
  class space    used 1045K, capacity 1152K, committed 1280K, reserved 1048576K
}
Event: 272.148 GC heap before
{Heap before GC invocations=71 (full 51):
 PSYoungGen      total 591872K, used 296447K [0x0000000789d80000, 0x00000007c0000000, 0x00000007c0000000)
  eden space 296448K, 99% used [0x0000000789d80000,0x000000079befffe8,0x000000079bf00000)
  from space 295424K, 0% used [0x00000007adf80000,0x00000007adf80000,0x00000007c0000000)
  to   space 295424K, 0% used [0x000000079bf00000,0x000000079bf00000,0x00000007adf80000)
 ParOldGen       total 1775104K, used 1775075K [0x000000071d800000, 0x0000000789d80000, 0x0000000789d80000)
  object space 1775104K, 99% used [0x000000071d800000,0x0000000789d78f30,0x0000000789d80000)
 Metaspace       used 9613K, capacity 9958K, committed 10496K, reserved 1058816K
  class space    used 1045K, capacity 1152K, committed 1280K, reserved 1048576K
Event: 278.446 GC heap after
Heap after GC invocations=71 (full 51):
 PSYoungGen      total 591872K, used 296059K [0x0000000789d80000, 0x00000007c0000000, 0x00000007c0000000)
  eden space 296448K, 99% used [0x0000000789d80000,0x000000079be9ee00,0x000000079bf00000)
  from space 295424K, 0% used [0x00000007adf80000,0x00000007adf80000,0x00000007c0000000)
  to   space 295424K, 0% used [0x000000079bf00000,0x000000079bf00000,0x00000007adf80000)
 ParOldGen       total 1775104K, used 1775070K [0x000000071d800000, 0x0000000789d80000, 0x0000000789d80000)
  object space 1775104K, 99% used [0x000000071d800000,0x0000000789d77b60,0x0000000789d80000)
 Metaspace       used 9613K, capacity 9958K, committed 10496K, reserved 1058816K
  class space    used 1045K, capacity 1152K, committed 1280K, reserved 1048576K
}
Event: 278.451 GC heap before
{Heap before GC invocations=72 (full 52):
 PSYoungGen      total 591872K, used 296448K [0x0000000789d80000, 0x00000007c0000000, 0x00000007c0000000)
  eden space 296448K, 100% used [0x0000000789d80000,0x000000079bf00000,0x000000079bf00000)
  from space 295424K, 0% used [0x00000007adf80000,0x00000007adf80000,0x00000007c0000000)
  to   space 295424K, 0% used [0x000000079bf00000,0x000000079bf00000,0x00000007adf80000)
 ParOldGen       total 1775104K, used 1775070K [0x000000071d800000, 0x0000000789d80000, 0x0000000789d80000)
  object space 1775104K, 99% used [0x000000071d800000,0x0000000789d77b60,0x0000000789d80000)
 Metaspace       used 9630K, capacity 9958K, committed 10496K, reserved 1058816K
  class space    used 1046K, capacity 1152K, committed 1280K, reserved 1048576K
Event: 283.321 GC heap after
Heap after GC invocations=72 (full 52):
 PSYoungGen      total 591872K, used 296205K [0x0000000789d80000, 0x00000007c0000000, 0x00000007c0000000)
  eden space 296448K, 99% used [0x0000000789d80000,0x000000079bec3680,0x000000079bf00000)
  from space 295424K, 0% used [0x00000007adf80000,0x00000007adf80000,0x00000007c0000000)
  to   space 295424K, 0% used [0x000000079bf00000,0x000000079bf00000,0x00000007adf80000)
 ParOldGen       total 1775104K, used 1775070K [0x000000071d800000, 0x0000000789d80000, 0x0000000789d80000)
  object space 1775104K, 99% used [0x000000071d800000,0x0000000789d77b60,0x0000000789d80000)
 Metaspace       used 9630K, capacity 9958K, committed 10496K, reserved 1058816K
  class space    used 1046K, capacity 1152K, committed 1280K, reserved 1048576K
}
Event: 283.322 GC heap before
{Heap before GC invocations=73 (full 53):
 PSYoungGen      total 591872K, used 296448K [0x0000000789d80000, 0x00000007c0000000, 0x00000007c0000000)
  eden space 296448K, 100% used [0x0000000789d80000,0x000000079bf00000,0x000000079bf00000)
  from space 295424K, 0% used [0x00000007adf80000,0x00000007adf80000,0x00000007c0000000)
  to   space 295424K, 0% used [0x000000079bf00000,0x000000079bf00000,0x00000007adf80000)
 ParOldGen       total 1775104K, used 1775070K [0x000000071d800000, 0x0000000789d80000, 0x0000000789d80000)
  object space 1775104K, 99% used [0x000000071d800000,0x0000000789d77b60,0x0000000789d80000)
 Metaspace       used 9635K, capacity 9958K, committed 10496K, reserved 1058816K
  class space    used 1047K, capacity 1152K, committed 1280K, reserved 1048576K
Event: 286.828 GC heap after
Heap after GC invocations=73 (full 53):
 PSYoungGen      total 591872K, used 296207K [0x0000000789d80000, 0x00000007c0000000, 0x00000007c0000000)
  eden space 296448K, 99% used [0x0000000789d80000,0x000000079bec3f38,0x000000079bf00000)
  from space 295424K, 0% used [0x00000007adf80000,0x00000007adf80000,0x00000007c0000000)
  to   space 295424K, 0% used [0x000000079bf00000,0x000000079bf00000,0x00000007adf80000)
 ParOldGen       total 1775104K, used 1775070K [0x000000071d800000, 0x0000000789d80000, 0x0000000789d80000)
  object space 1775104K, 99% used [0x000000071d800000,0x0000000789d77b60,0x0000000789d80000)
 Metaspace       used 9635K, capacity 9958K, committed 10496K, reserved 1058816K
  class space    used 1047K, capacity 1152K, committed 1280K, reserved 1048576K
}

Deoptimization events (10 events):
Event: 57.910 Thread 0x00007f3238003800 Uncommon trap: reason=class_check action=maybe_recompile pc=0x00007f327d1a8fd0 method=java.util.ComparableTimSort.countRunAndMakeAscending([Ljava/lang/Object;II)I @ 36
Event: 58.270 Thread 0x00007f3238003800 Uncommon trap: reason=class_check action=maybe_recompile pc=0x00007f327d212124 method=java.util.ComparableTimSort.binarySort([Ljava/lang/Object;III)V @ 40
Event: 58.460 Thread 0x00007f3238003800 Uncommon trap: reason=class_check action=maybe_recompile pc=0x00007f327d212124 method=java.util.ComparableTimSort.binarySort([Ljava/lang/Object;III)V @ 40
Event: 58.466 Thread 0x00007f3238003800 Uncommon trap: reason=class_check action=maybe_recompile pc=0x00007f327d212124 method=java.util.ComparableTimSort.binarySort([Ljava/lang/Object;III)V @ 40
Event: 82.927 Thread 0x00007f3238006800 Uncommon trap: reason=predicate action=maybe_recompile pc=0x00007f327d41dd6c method=java.util.ComparableTimSort.reverseRange([Ljava/lang/Object;II)V @ 8
Event: 149.555 Thread 0x00007f324c001000 Uncommon trap: reason=bimorphic action=maybe_recompile pc=0x00007f327d210f14 method=java.util.HashMap.putVal(ILjava/lang/Object;Ljava/lang/Object;ZZ)Ljava/lang/Object; @ 152
Event: 161.788 Thread 0x00007f3238008000 Uncommon trap: reason=unstable_if action=reinterpret pc=0x00007f327d1c15cc method=java.io.BufferedInputStream.read()I @ 23
Event: 177.798 Thread 0x00007f324c001000 Uncommon trap: reason=bimorphic action=maybe_recompile pc=0x00007f327d210f14 method=java.util.HashMap.putVal(ILjava/lang/Object;Ljava/lang/Object;ZZ)Ljava/lang/Object; @ 152
Event: 272.143 Thread 0x00007f323800a000 Uncommon trap: reason=unstable_if action=reinterpret pc=0x00007f327d2b7650 method=java.lang.ref.SoftReference.get()Ljava/lang/Object; @ 6
Event: 272.144 Thread 0x00007f3238005000 Uncommon trap: reason=unstable_if action=reinterpret pc=0x00007f327d36ce94 method=java.lang.ref.SoftReference.get()Ljava/lang/Object; @ 6

Internal exceptions (10 events):
Event: 58.465 Thread 0x00007f3238003800 Exception <a 'java/lang/NoSuchMethodError': <clinit>> (0x00000007959fa378) thrown at [/HUDSON/workspace/8-2-build-linux-amd64/jdk8u92/6642/hotspot/src/share/vm/prims/jni.cpp, line 1613]
Event: 58.469 Thread 0x00007f3238003800 Exception <a 'java/lang/NoSuchMethodError': <clinit>> (0x0000000795a099f8) thrown at [/HUDSON/workspace/8-2-build-linux-amd64/jdk8u92/6642/hotspot/src/share/vm/prims/jni.cpp, line 1613]
Event: 58.469 Thread 0x00007f3238003800 Exception <a 'java/lang/NoSuchMethodError': <clinit>> (0x0000000795a0a640) thrown at [/HUDSON/workspace/8-2-build-linux-amd64/jdk8u92/6642/hotspot/src/share/vm/prims/jni.cpp, line 1613]
Event: 58.469 Thread 0x00007f3238003800 Exception <a 'java/lang/NoSuchMethodError': <clinit>> (0x0000000795a0b258) thrown at [/HUDSON/workspace/8-2-build-linux-amd64/jdk8u92/6642/hotspot/src/share/vm/prims/jni.cpp, line 1613]
Event: 59.806 Thread 0x00007f3238003800 Exception <a 'java/lang/NoSuchMethodError': <clinit>> (0x0000000795a640c8) thrown at [/HUDSON/workspace/8-2-build-linux-amd64/jdk8u92/6642/hotspot/src/share/vm/prims/jni.cpp, line 1613]
Event: 264.694 Thread 0x00007f3234230800 Exception <a 'java/lang/OutOfMemoryError'> (0x0000000731e90c60) thrown at [/HUDSON/workspace/8-2-build-linux-amd64/jdk8u92/6642/hotspot/src/share/vm/gc_interface/collectedHeap.inline.hpp, line 170]
Event: 272.144 Thread 0x00007f3238005000 Exception <a 'java/lang/NoSuchMethodError': <clinit>> (0x000000079be7cdd8) thrown at [/HUDSON/workspace/8-2-build-linux-amd64/jdk8u92/6642/hotspot/src/share/vm/prims/jni.cpp, line 1613]
Event: 286.828 Thread 0x00007f3238008000 Exception <a 'java/lang/OutOfMemoryError'> (0x0000000731e908f8) thrown at [/HUDSON/workspace/8-2-build-linux-amd64/jdk8u92/6642/hotspot/src/share/vm/gc_interface/collectedHeap.inline.hpp, line 170]
Event: 286.828 Thread 0x00007f3238008000 Exception <a 'java/lang/OutOfMemoryError'> (0x0000000731e908f8) thrown at [/HUDSON/workspace/8-2-build-linux-amd64/jdk8u92/6642/hotspot/src/share/vm/prims/jvm.cpp, line 1390]
Event: 286.828 Thread 0x00007f3238008000 Exception <a 'java/lang/OutOfMemoryError'> (0x0000000731e908f8) thrown at [/HUDSON/workspace/8-2-build-linux-amd64/jdk8u92/6642/hotspot/src/share/vm/oops/instanceKlass.cpp, line 948]

Events (10 events):
Event: 278.450 loading class org/netbeans/lib/profiler/server/Bundle_en
Event: 278.450 loading class org/netbeans/lib/profiler/server/Bundle_en done
Event: 278.450 Executing VM operation: ParallelGCFailedAllocation
Event: 283.321 Executing VM operation: ParallelGCFailedAllocation done
Event: 283.321 loading class java/util/logging/ConsoleHandler done
Event: 283.321 Executing VM operation: RevokeBias
Event: 283.321 loading class sun/misc/Signal$1 done
Event: 286.828 Executing VM operation: RevokeBias done
Event: 286.828 Thread 0x00007f3238008000 DEOPT PACKING pc=0x00007f327d287cc0 sp=0x00007f32629ae8f0
Event: 286.828 Thread 0x00007f3238008000 DEOPT UNPACKING pc=0x00007f327d047233 sp=0x00007f32629ae4c0 mode 1


Dynamic libraries:
00400000-00401000 r-xp 00000000 08:07 1964346                            /usr/lib/jvm/java-8-oracle/bin/java
00600000-00601000 rw-p 00000000 08:07 1964346                            /usr/lib/jvm/java-8-oracle/bin/java
00760000-00781000 rw-p 00000000 00:00 0                                  [heap]
71d800000-7c0140000 rw-p 00000000 00:00 0 
7c0140000-800000000 ---p 00000000 00:00 0 
7f3214000000-7f3214021000 rw-p 00000000 00:00 0 
7f3214021000-7f3218000000 ---p 00000000 00:00 0 
7f3218000000-7f3218021000 rw-p 00000000 00:00 0 
7f3218021000-7f321c000000 ---p 00000000 00:00 0 
7f321c000000-7f321c03c000 rw-p 00000000 00:00 0 
7f321c03c000-7f3220000000 ---p 00000000 00:00 0 
7f3220000000-7f3220294000 rw-p 00000000 00:00 0 
7f3220294000-7f3224000000 ---p 00000000 00:00 0 
7f3224000000-7f3224021000 rw-p 00000000 00:00 0 
7f3224021000-7f3228000000 ---p 00000000 00:00 0 
7f3228000000-7f322804c000 rw-p 00000000 00:00 0 
7f322804c000-7f322c000000 ---p 00000000 00:00 0 
7f322c000000-7f322c049000 rw-p 00000000 00:00 0 
7f322c049000-7f3230000000 ---p 00000000 00:00 0 
7f3230000000-7f3230021000 rw-p 00000000 00:00 0 
7f3230021000-7f3234000000 ---p 00000000 00:00 0 
7f3234000000-7f32342ba000 rw-p 00000000 00:00 0 
7f32342ba000-7f3238000000 ---p 00000000 00:00 0 
7f3238000000-7f3238021000 rw-p 00000000 00:00 0 
7f3238021000-7f323c000000 ---p 00000000 00:00 0 
7f323c000000-7f323c021000 rw-p 00000000 00:00 0 
7f323c021000-7f3240000000 ---p 00000000 00:00 0 
7f3240000000-7f3240021000 rw-p 00000000 00:00 0 
7f3240021000-7f3244000000 ---p 00000000 00:00 0 
7f3244000000-7f3244fbb000 rw-p 00000000 00:00 0 
7f3244fbb000-7f3248000000 ---p 00000000 00:00 0 
7f3248000000-7f324854c000 rw-p 00000000 00:00 0 
7f324854c000-7f324c000000 ---p 00000000 00:00 0 
7f324c000000-7f324c021000 rw-p 00000000 00:00 0 
7f324c021000-7f3250000000 ---p 00000000 00:00 0 
7f3250000000-7f3251233000 rw-p 00000000 00:00 0 
7f3251233000-7f3254000000 ---p 00000000 00:00 0 
7f3254000000-7f3254021000 rw-p 00000000 00:00 0 
7f3254021000-7f3258000000 ---p 00000000 00:00 0 
7f3258000000-7f3258021000 rw-p 00000000 00:00 0 
7f3258021000-7f325c000000 ---p 00000000 00:00 0 
7f325c000000-7f325c0e6000 rw-p 00000000 00:00 0 
7f325c0e6000-7f3260000000 ---p 00000000 00:00 0 
7f32625a8000-7f32625ab000 ---p 00000000 00:00 0 
7f32625ab000-7f32626a9000 rw-p 00000000 00:00 0                          [stack:14070]
7f32626a9000-7f32626b3000 r-xp 00000000 08:07 1966317                    /usr/lib/jvm/java-8-oracle/lib/visualvm/profiler/lib/deployed/jdk16/linux-amd64/libprofilerinterface.so
7f32626b3000-7f32627b2000 ---p 0000a000 08:07 1966317                    /usr/lib/jvm/java-8-oracle/lib/visualvm/profiler/lib/deployed/jdk16/linux-amd64/libprofilerinterface.so
7f32627b2000-7f32627b3000 rw-p 00009000 08:07 1966317                    /usr/lib/jvm/java-8-oracle/lib/visualvm/profiler/lib/deployed/jdk16/linux-amd64/libprofilerinterface.so
7f32627b3000-7f32627b6000 ---p 00000000 00:00 0 
7f32627b6000-7f32628b4000 rw-p 00000000 00:00 0                          [stack:14048]
7f32628b4000-7f32628b7000 ---p 00000000 00:00 0 
7f32628b7000-7f32629b5000 rw-p 00000000 00:00 0                          [stack:14047]
7f32629b5000-7f32629bf000 r-xp 00000000 08:07 1973864                    /usr/lib/jvm/java-8-oracle/jre/lib/amd64/libinstrument.so
7f32629bf000-7f3262bbe000 ---p 0000a000 08:07 1973864                    /usr/lib/jvm/java-8-oracle/jre/lib/amd64/libinstrument.so
7f3262bbe000-7f3262bbf000 rw-p 00009000 08:07 1973864                    /usr/lib/jvm/java-8-oracle/jre/lib/amd64/libinstrument.so
7f3262bbf000-7f3262bc2000 ---p 00000000 00:00 0 
7f3262bc2000-7f3262dc0000 rw-p 00000000 00:00 0                          [stack:14040]
7f3262dc0000-7f3262ec0000 ---p 00000000 00:00 0 
7f3262ec0000-7f3268000000 rw-p 00000000 00:00 0 
7f3268000000-7f32680af000 rw-p 00000000 00:00 0 
7f32680af000-7f326c000000 ---p 00000000 00:00 0 
7f326c000000-7f326c0a7000 rw-p 00000000 00:00 0 
7f326c0a7000-7f3270000000 ---p 00000000 00:00 0 
7f3270000000-7f32700aa000 rw-p 00000000 00:00 0 
7f32700aa000-7f3274000000 ---p 00000000 00:00 0 
7f327409f000-7f32740a1000 rw-p 00000000 00:00 0 
7f32740a1000-7f32740a2000 r--s 00003000 08:07 1966318                    /usr/lib/jvm/java-8-oracle/lib/visualvm/profiler/lib/jfluid-server-15.jar
7f32740a2000-7f32740a5000 r--s 00051000 08:07 1966310                    /usr/lib/jvm/java-8-oracle/lib/visualvm/profiler/lib/jfluid-server.jar
7f32740a5000-7f32740a8000 ---p 00000000 00:00 0 
7f32740a8000-7f32741a6000 rw-p 00000000 00:00 0                          [stack:14039]
7f32741a6000-7f32741a9000 ---p 00000000 00:00 0 
7f32741a9000-7f32742a7000 rw-p 00000000 00:00 0                          [stack:14035]
7f32742a7000-7f32742aa000 ---p 00000000 00:00 0 
7f32742aa000-7f32743a8000 rw-p 00000000 00:00 0                          [stack:14033]
7f32743a8000-7f32743ab000 ---p 00000000 00:00 0 
7f32743ab000-7f32744a9000 rw-p 00000000 00:00 0                          [stack:14032]
7f32744a9000-7f32744ac000 ---p 00000000 00:00 0 
7f32744ac000-7f32745aa000 rw-p 00000000 00:00 0                          [stack:14029]
7f32745aa000-7f32745ae000 r--s 00097000 08:07 1984411                    /usr/lib/jvm/java-8-oracle/jre/lib/jsse.jar
7f32745ae000-7f32745af000 r--s 00008000 08:07 401381                     /home/ahmed/.m2/repository/org/apache/hadoop/hadoop-mapreduce-client-jobclient/2.2.0/hadoop-mapreduce-client-jobclient-2.2.0.jar
7f32745af000-7f32745c1000 r--s 0012c000 08:07 401377                     /home/ahmed/.m2/repository/org/apache/hadoop/hadoop-yarn-common/2.2.0/hadoop-yarn-common-2.2.0.jar
7f32745c1000-7f32745d9000 r--s 0014c000 08:07 401372                     /home/ahmed/.m2/repository/org/apache/hadoop/hadoop-mapreduce-client-core/2.2.0/hadoop-mapreduce-client-core-2.2.0.jar
7f32745d9000-7f32745ea000 r--s 0010a000 08:07 401368                     /home/ahmed/.m2/repository/org/apache/hadoop/hadoop-yarn-api/2.2.0/hadoop-yarn-api-2.2.0.jar
7f32745ea000-7f32745ec000 r--s 00004000 08:07 401363                     /home/ahmed/.m2/repository/org/apache/hadoop/hadoop-mapreduce-client-shuffle/2.2.0/hadoop-mapreduce-client-shuffle-2.2.0.jar
7f32745ec000-7f32745f0000 r--s 00027000 08:07 401357                     /home/ahmed/.m2/repository/org/apache/hadoop/hadoop-yarn-server-common/2.2.0/hadoop-yarn-server-common-2.2.0.jar
7f32745f0000-7f32745f1000 r--s 00003000 08:07 531441                     /home/ahmed/.m2/repository/com/sun/jersey/contribs/jersey-guice/1.9/jersey-guice-1.9.jar
7f32745f1000-7f32745f4000 r--s 00012000 08:07 531439                     /home/ahmed/.m2/repository/org/glassfish/javax.servlet/3.1/javax.servlet-3.1.jar
7f32745f4000-7f32745fc000 r--s 0004b000 08:07 531437                     /home/ahmed/.m2/repository/org/glassfish/grizzly/grizzly-http-servlet/2.1.2/grizzly-http-servlet-2.1.2.jar
7f32745fc000-7f32745fd000 r--s 00001000 08:07 531435                     /home/ahmed/.m2/repository/org/glassfish/grizzly/grizzly-rcm/2.1.2/grizzly-rcm-2.1.2.jar
7f32745fd000-7f3274601000 r--s 0002d000 08:07 531433                     /home/ahmed/.m2/repository/org/glassfish/grizzly/grizzly-http-server/2.1.2/grizzly-http-server-2.1.2.jar
7f3274601000-7f3274603000 r--s 00009000 08:07 531431                     /home/ahmed/.m2/repository/org/glassfish/external/management-api/3.0.0-b012/management-api-3.0.0-b012.jar
7f3274603000-7f3274605000 r--s 00004000 08:07 531429                     /home/ahmed/.m2/repository/org/glassfish/gmbal/gmbal-api-only/3.0.0-b023/gmbal-api-only-3.0.0-b023.jar
7f3274605000-7f3274613000 r--s 0009b000 08:07 531427                     /home/ahmed/.m2/repository/org/glassfish/grizzly/grizzly-framework/2.1.2/grizzly-framework-2.1.2.jar
7f3274613000-7f3274617000 r--s 0003a000 08:07 531425                     /home/ahmed/.m2/repository/org/glassfish/grizzly/grizzly-http/2.1.2/grizzly-http-2.1.2.jar
7f3274617000-7f3274619000 r--s 00003000 08:07 531423                     /home/ahmed/.m2/repository/com/sun/jersey/jersey-grizzly2/1.9/jersey-grizzly2-1.9.jar
7f3274619000-7f327461c000 r--s 0001d000 08:07 531421                     /home/ahmed/.m2/repository/com/sun/jersey/jersey-client/1.9/jersey-client-1.9.jar
7f327461c000-7f327461f000 r--s 00012000 08:07 401355                     /home/ahmed/.m2/repository/javax/servlet/javax.servlet-api/3.0.1/javax.servlet-api-3.0.1.jar
7f327461f000-7f3274621000 r--s 00005000 08:07 531419                     /home/ahmed/.m2/repository/com/sun/jersey/jersey-test-framework/jersey-test-framework-core/1.9/jersey-test-framework-core-1.9.jar
7f3274621000-7f3274623000 r--s 00002000 08:07 531417                     /home/ahmed/.m2/repository/com/sun/jersey/jersey-test-framework/jersey-test-framework-grizzly2/1.9/jersey-test-framework-grizzly2-1.9.jar
7f3274623000-7f3274625000 r--s 00000000 08:07 401350                     /home/ahmed/.m2/repository/aopalliance/aopalliance/1.0/aopalliance-1.0.jar
7f3274625000-7f3274626000 r--s 00000000 08:07 401348                     /home/ahmed/.m2/repository/javax/inject/javax.inject/1/javax.inject-1.jar
7f3274626000-7f3274635000 r--s 0009f000 08:07 401346                     /home/ahmed/.m2/repository/com/google/inject/guice/3.0/guice-3.0.jar
7f3274635000-7f3274638000 r--s 00015000 08:07 401341                     /home/ahmed/.m2/repository/org/apache/hadoop/hadoop-yarn-client/2.2.0/hadoop-yarn-client-2.2.0.jar
7f3274638000-7f3274644000 r--s 00095000 08:07 401339                     /home/ahmed/.m2/repository/org/apache/hadoop/hadoop-mapreduce-client-common/2.2.0/hadoop-mapreduce-client-common-2.2.0.jar
7f3274644000-7f327464d000 r--s 0006d000 08:07 401335                     /home/ahmed/.m2/repository/org/apache/hadoop/hadoop-mapreduce-client-app/2.2.0/hadoop-mapreduce-client-app-2.2.0.jar
7f327464d000-7f327464e000 r--s 00000000 08:07 401330                     /home/ahmed/.m2/repository/org/apache/hadoop/hadoop-client/2.2.0/hadoop-client-2.2.0.jar
7f327464e000-7f327465f000 r-xp 00000000 08:07 1984382                    /usr/lib/jvm/java-8-oracle/jre/lib/amd64/libnio.so
7f327465f000-7f327485e000 ---p 00011000 08:07 1984382                    /usr/lib/jvm/java-8-oracle/jre/lib/amd64/libnio.so
7f327485e000-7f327485f000 rw-p 00010000 08:07 1984382                    /usr/lib/jvm/java-8-oracle/jre/lib/amd64/libnio.so
7f327485f000-7f3274868000 r-xp 00000000 08:07 1973853                    /usr/lib/jvm/java-8-oracle/jre/lib/amd64/libmanagement.so
7f3274868000-7f3274a67000 ---p 00009000 08:07 1973853                    /usr/lib/jvm/java-8-oracle/jre/lib/amd64/libmanagement.so
7f3274a67000-7f3274a68000 rw-p 00008000 08:07 1973853                    /usr/lib/jvm/java-8-oracle/jre/lib/amd64/libmanagement.so
7f3274a68000-7f3274e12000 rw-p 00000000 00:00 0 
7f3274e12000-7f3274e28000 r-xp 00000000 08:07 1984138                    /usr/lib/jvm/java-8-oracle/jre/lib/amd64/libnet.so
7f3274e28000-7f3275028000 ---p 00016000 08:07 1984138                    /usr/lib/jvm/java-8-oracle/jre/lib/amd64/libnet.so
7f3275028000-7f3275029000 rw-p 00016000 08:07 1984138                    /usr/lib/jvm/java-8-oracle/jre/lib/amd64/libnet.so
7f3275029000-7f327502c000 ---p 00000000 00:00 0 
7f327502c000-7f327512a000 rw-p 00000000 00:00 0                          [stack:14027]
7f327512a000-7f3275137000 r--s 000a8000 08:07 400515                     /home/ahmed/.m2/repository/net/sf/trove4j/trove4j/2.0.2/trove4j-2.0.2.jar
7f3275137000-7f327515e000 r--s 00216000 08:07 523582                     /home/ahmed/.m2/repository/org/apache/lucene/lucene-core/5.2.1/lucene-core-5.2.1.jar
7f327515e000-7f3275164000 r--s 00034000 08:07 397771                     /home/ahmed/.m2/repository/junit/junit/4.8.1/junit-4.8.1.jar
7f3275164000-7f3275166000 r--s 00006000 08:07 530710                     /home/ahmed/.m2/repository/org/slf4j/slf4j-api/1.7.7/slf4j-api-1.7.7.jar
7f3275166000-7f3275168000 r--s 00004000 08:07 397906                     /home/ahmed/.m2/repository/org/slf4j/log4j-over-slf4j/1.6.6/log4j-over-slf4j-1.6.6.jar
7f3275168000-7f327516a000 r--s 00004000 08:07 530708                     /home/ahmed/.m2/repository/org/apache/logging/log4j/log4j-slf4j-impl/2.1/log4j-slf4j-impl-2.1.jar
7f327516a000-7f327517c000 r--s 000b8000 08:07 392796                     /home/ahmed/.m2/repository/org/apache/logging/log4j/log4j-core/2.1/log4j-core-2.1.jar
7f327517c000-7f327517f000 r--s 0001e000 08:07 530706                     /home/ahmed/.m2/repository/org/apache/logging/log4j/log4j-api/2.1/log4j-api-2.1.jar
7f327517f000-7f3275182000 r--s 00011000 08:07 530742                     /home/ahmed/.m2/repository/com/lmax/disruptor/3.3.2/disruptor-3.3.2.jar
7f3275182000-7f32751c3000 r--s 00368000 08:07 407548                     /home/ahmed/.m2/repository/org/clojure/clojure/1.7.0/clojure-1.7.0.jar
7f32751c3000-7f32751c4000 r--s 00001000 08:07 407546                     /home/ahmed/.m2/repository/com/esotericsoftware/minlog/1.3.0/minlog-1.3.0.jar
7f32751c4000-7f32751c6000 r--s 00004000 08:07 407541                     /home/ahmed/.m2/repository/com/esotericsoftware/reflectasm/1.10.1/reflectasm-1.10.1.jar
7f32751c6000-7f32751cc000 r--s 00040000 08:07 407539                     /home/ahmed/.m2/repository/com/esotericsoftware/kryo/3.0.3/kryo-3.0.3.jar
7f32751cc000-7f3275361000 r--s 0119a000 08:07 407528                     /home/ahmed/.m2/repository/org/apache/storm/storm-core/1.0.0/storm-core-1.0.0.jar
7f3275361000-7f3275363000 r--s 00007000 08:07 397886                     /home/ahmed/.m2/repository/org/objenesis/objenesis/1.2/objenesis-1.2.jar
7f3275363000-7f3275365000 r--s 00000000 08:07 397884                     /home/ahmed/.m2/repository/com/esotericsoftware/minlog/minlog/1.2/minlog-1.2.jar
7f3275365000-7f3275367000 r--s 0000a000 08:07 397882                     /home/ahmed/.m2/repository/org/ow2/asm/asm/4.0/asm-4.0.jar
7f3275367000-7f3275369000 r--s 0000f000 08:07 397880                     /home/ahmed/.m2/repository/com/esotericsoftware/reflectasm/reflectasm/1.07/reflectasm-1.07-shaded.jar
7f3275369000-7f327536f000 r--s 00053000 08:07 397916                     /home/ahmed/.m2/repository/com/esotericsoftware/kryo/kryo/2.21/kryo-2.21.jar
7f327536f000-7f32753af000 r--s 003e3000 08:07 394314                     /home/ahmed/.m2/repository/com/disco/disco/10.2.0/disco-10.2.0.jar
7f32753af000-7f32753b4000 r--s 0002f000 08:07 397846                     /home/ahmed/.m2/repository/com/google/code/gson/gson/2.3.1/gson-2.3.1.jar
7f32753b4000-7f32753b6000 r--s 0008f000 08:07 397844                     /home/ahmed/.m2/repository/org/xerial/snappy/snappy-java/1.1.1.6/snappy-java-1.1.1.6.jar
7f32753b6000-7f32753b8000 r--s 00027000 08:07 397842                     /home/ahmed/.m2/repository/net/jpountz/lz4/lz4/1.2.0/lz4-1.2.0.jar
7f32753b8000-7f32753bf000 r--s 00049000 08:07 397840                     /home/ahmed/.m2/repository/org/apache/kafka/kafka-clients/0.8.2.1/kafka-clients-0.8.2.1.jar
7f32753bf000-7f32753c1000 r--s 0000e000 08:07 524161                     /home/ahmed/.m2/repository/org/twitter4j/twitter4j-stream/4.0.4/twitter4j-stream-4.0.4.jar
7f32753c1000-7f32753c6000 r--s 00045000 08:07 524137                     /home/ahmed/.m2/repository/org/twitter4j/twitter4j-core/4.0.4/twitter4j-core-4.0.4.jar
7f32753c6000-7f32753c7000 r--s 00004000 08:07 526228                     /home/ahmed/.m2/repository/net/sf/opencsv/opencsv/2.3/opencsv-2.3.jar
7f32753c7000-7f32753c8000 r--s 00001000 08:07 526226                     /home/ahmed/.m2/repository/com/github/sharispe/slib-graph-utils/0.9.1/slib-graph-utils-0.9.1.jar
7f32753c8000-7f32753ca000 r--s 00003000 08:07 526214                     /home/ahmed/.m2/repository/com/github/sharispe/slib-indexer/0.9.1/slib-indexer-0.9.1.jar
7f32753ca000-7f32753cb000 r--s 00004000 08:07 526212                     /home/ahmed/.m2/repository/org/openrdf/sesame/sesame-rio-turtle/2.7.3/sesame-rio-turtle-2.7.3.jar
7f32753cb000-7f32753cd000 r--s 00000000 08:07 526210                     /home/ahmed/.m2/repository/org/openrdf/sesame/sesame-rio-n3/2.7.3/sesame-rio-n3-2.7.3.jar
7f32753cd000-7f32753cf000 r--s 00012000 08:07 526208                     /home/ahmed/.m2/repository/org/openrdf/sesame/sesame-util/2.7.3/sesame-util-2.7.3.jar
7f32753cf000-7f32753d0000 r--s 00008000 08:07 526206                     /home/ahmed/.m2/repository/org/openrdf/sesame/sesame-rio-rdfxml/2.7.3/sesame-rio-rdfxml-2.7.3.jar
7f32753d0000-7f32753d3000 r--s 00010000 08:07 526204                     /home/ahmed/.m2/repository/com/github/sharispe/slib-graph-io/0.9.1/slib-graph-io-0.9.1.jar
7f32753d3000-7f32753d4000 r--s 00005000 08:07 526200                     /home/ahmed/.m2/repository/com/github/sharispe/slib-tools-module/0.9.1/slib-tools-module-0.9.1.jar
7f32753d4000-7f32753d6000 r--s 00001000 08:07 526196                     /home/ahmed/.m2/repository/org/slf4j/slf4j-log4j12/1.7.3/slf4j-log4j12-1.7.3.jar
7f32753d6000-7f32753d8000 r--s 00015000 08:07 526194                     /home/ahmed/.m2/repository/com/github/sharispe/slib-graph-algo/0.9.1/slib-graph-algo-0.9.1.jar
7f32753d8000-7f32753d9000 r--s 00001000 08:07 526192                     /home/ahmed/.m2/repository/com/github/sharispe/slib-graph-model/0.9.1/slib-graph-model-0.9.1.jar
7f32753d9000-7f32753da000 r--s 00003000 08:07 526190                     /home/ahmed/.m2/repository/com/github/sharispe/slib-graph-model-impl/0.9.1/slib-graph-model-impl-0.9.1.jar
7f32753da000-7f32753dd000 r--s 00015000 08:07 526036                     /home/ahmed/.m2/repository/commons-pool/commons-pool/1.5.4/commons-pool-1.5.4.jar
7f32753dd000-7f32753e0000 r--s 00022000 08:07 526188                     /home/ahmed/.m2/repository/commons-dbcp/commons-dbcp/1.3/commons-dbcp-1.3.jar
7f32753e0000-7f32753e6000 r--s 00044000 08:07 526186                     /home/ahmed/.m2/repository/org/openrdf/sesame/sesame-sail-rdbms/2.7.3/sesame-sail-rdbms-2.7.3.jar
7f32753e6000-7f32753e9000 r--s 00019000 08:07 526184                     /home/ahmed/.m2/repository/org/openrdf/sesame/sesame-sail-nativerdf/2.7.3/sesame-sail-nativerdf-2.7.3.jar
7f32753e9000-7f32753eb000 r--s 0000d000 08:07 526182                     /home/ahmed/.m2/repository/org/openrdf/sesame/sesame-sail-memory/2.7.3/sesame-sail-memory-2.7.3.jar
7f32753eb000-7f32753ed000 r--s 00007000 08:07 526180                     /home/ahmed/.m2/repository/org/openrdf/sesame/sesame-sail-inferencer/2.7.3/sesame-sail-inferencer-2.7.3.jar
7f32753ed000-7f32753ee000 r--s 00001000 08:07 526178                     /home/ahmed/.m2/repository/org/openrdf/sesame/sesame-rio-trig/2.7.3/sesame-rio-trig-2.7.3.jar
7f32753ee000-7f32753ef000 r--s 00002000 08:07 526176                     /home/ahmed/.m2/repository/org/openrdf/sesame/sesame-rio-trix/2.7.3/sesame-rio-trix-2.7.3.jar
7f32753ef000-7f32753f1000 r--s 00002000 08:07 526174                     /home/ahmed/.m2/repository/org/openrdf/sesame/sesame-rio-rdfjson/2.7.3/sesame-rio-rdfjson-2.7.3.jar
7f32753f1000-7f32753f2000 r--s 00001000 08:07 526172                     /home/ahmed/.m2/repository/org/openrdf/sesame/sesame-rio-nquads/2.7.3/sesame-rio-nquads-2.7.3.jar
7f32753f2000-7f32753f3000 r--s 00003000 08:07 526170                     /home/ahmed/.m2/repository/org/openrdf/sesame/sesame-rio-ntriples/2.7.3/sesame-rio-ntriples-2.7.3.jar
7f32753f3000-7f32753f4000 r--s 00002000 08:07 526168                     /home/ahmed/.m2/repository/org/openrdf/sesame/sesame-rio-binary/2.7.3/sesame-rio-binary-2.7.3.jar
7f32753f4000-7f32753f5000 r--s 00000000 08:07 526166                     /home/ahmed/.m2/repository/org/openrdf/sesame/sesame-rio-languages/2.7.3/sesame-rio-languages-2.7.3.jar
7f32753f5000-7f32753f6000 r--s 00001000 08:07 526164                     /home/ahmed/.m2/repository/org/openrdf/sesame/sesame-rio-datatypes/2.7.3/sesame-rio-datatypes-2.7.3.jar
7f32753f6000-7f32753f8000 r--s 0000b000 08:07 526162                     /home/ahmed/.m2/repository/org/openrdf/sesame/sesame-rio-api/2.7.3/sesame-rio-api-2.7.3.jar
7f32753f8000-7f32753fa000 r--s 00007000 08:07 526158                     /home/ahmed/.m2/repository/org/openrdf/sesame/sesame-http-client/2.7.3/sesame-http-client-2.7.3.jar
7f32753fa000-7f32753fb000 r--s 00006000 08:07 526156                     /home/ahmed/.m2/repository/org/openrdf/sesame/sesame-http-protocol/2.7.3/sesame-http-protocol-2.7.3.jar
7f32753fb000-7f32753fc000 r--s 00002000 08:07 526154                     /home/ahmed/.m2/repository/org/openrdf/sesame/sesame-repository-dataset/2.7.3/sesame-repository-dataset-2.7.3.jar
7f32753fc000-7f32753fe000 r--s 00004000 08:07 526152                     /home/ahmed/.m2/repository/org/openrdf/sesame/sesame-queryresultio-text/2.7.3/sesame-queryresultio-text-2.7.3.jar
7f32753fe000-7f3275400000 r--s 00004000 08:07 526150                     /home/ahmed/.m2/repository/org/openrdf/sesame/sesame-queryresultio-sparqlxml/2.7.3/sesame-queryresultio-sparqlxml-2.7.3.jar
7f3275400000-7f3275403000 r--s 0002c000 08:07 526148                     /home/ahmed/.m2/repository/com/fasterxml/jackson/core/jackson-core/2.2.1/jackson-core-2.2.1.jar
7f3275403000-7f3275404000 r--s 00004000 08:07 526146                     /home/ahmed/.m2/repository/org/openrdf/sesame/sesame-queryresultio-sparqljson/2.7.3/sesame-queryresultio-sparqljson-2.7.3.jar
7f3275404000-7f3275406000 r--s 00002000 08:07 526144                     /home/ahmed/.m2/repository/org/openrdf/sesame/sesame-queryresultio-binary/2.7.3/sesame-queryresultio-binary-2.7.3.jar
7f3275406000-7f3275408000 r--s 00004000 08:07 526142                     /home/ahmed/.m2/repository/org/openrdf/sesame/sesame-queryresultio-api/2.7.3/sesame-queryresultio-api-2.7.3.jar
7f3275408000-7f327540e000 r--s 00040000 08:07 526140                     /home/ahmed/.m2/repository/org/openrdf/sesame/sesame-queryparser-sparql/2.7.3/sesame-queryparser-sparql-2.7.3.jar
7f327540e000-7f3275412000 r--s 00025000 08:07 526138                     /home/ahmed/.m2/repository/org/openrdf/sesame/sesame-queryparser-serql/2.7.3/sesame-queryparser-serql-2.7.3.jar
7f3275412000-7f3275413000 r--s 00002000 08:07 526136                     /home/ahmed/.m2/repository/org/openrdf/sesame/sesame-queryparser-api/2.7.3/sesame-queryparser-api-2.7.3.jar
7f3275413000-7f3275419000 r--s 00036000 08:07 526134                     /home/ahmed/.m2/repository/org/openrdf/sesame/sesame-queryalgebra-evaluation/2.7.3/sesame-queryalgebra-evaluation-2.7.3.jar
7f3275419000-7f327541c000 r--s 00013000 08:07 526132                     /home/ahmed/.m2/repository/org/openrdf/sesame/sesame-sail-federation/2.7.3/sesame-sail-federation-2.7.3.jar
7f327541c000-7f327541e000 r--s 0000b000 08:07 526130                     /home/ahmed/.m2/repository/org/openrdf/sesame/sesame-sail-api/2.7.3/sesame-sail-api-2.7.3.jar
7f327541e000-7f3275421000 r--s 0001f000 08:07 526128                     /home/ahmed/.m2/repository/org/openrdf/sesame/sesame-queryalgebra-model/2.7.3/sesame-queryalgebra-model-2.7.3.jar
7f3275421000-7f3275423000 r--s 00009000 08:07 526126                     /home/ahmed/.m2/repository/org/openrdf/sesame/sesame-repository-sail/2.7.3/sesame-repository-sail-2.7.3.jar
7f3275423000-7f3275425000 r--s 00003000 08:07 526124                     /home/ahmed/.m2/repository/org/openrdf/sesame/sesame-repository-contextaware/2.7.3/sesame-repository-contextaware-2.7.3.jar
7f3275425000-7f3275427000 r--s 00008000 08:07 526122                     /home/ahmed/.m2/repository/org/openrdf/sesame/sesame-repository-sparql/2.7.3/sesame-repository-sparql-2.7.3.jar
7f3275427000-7f3275429000 r--s 00004000 08:07 526120                     /home/ahmed/.m2/repository/org/openrdf/sesame/sesame-repository-http/2.7.3/sesame-repository-http-2.7.3.jar
7f3275429000-7f327542a000 r--s 00005000 08:07 526118                     /home/ahmed/.m2/repository/org/openrdf/sesame/sesame-repository-event/2.7.3/sesame-repository-event-2.7.3.jar
7f327542a000-7f327542b000 r--s 00007000 08:07 526116                     /home/ahmed/.m2/repository/org/openrdf/sesame/sesame-repository-manager/2.7.3/sesame-repository-manager-2.7.3.jar
7f327542b000-7f327542d000 r--s 0000b000 08:07 526114                     /home/ahmed/.m2/repository/org/openrdf/sesame/sesame-query/2.7.3/sesame-query-2.7.3.jar
7f327542d000-7f327542f000 r--s 0000a000 08:07 526112                     /home/ahmed/.m2/repository/org/openrdf/sesame/sesame-repository-api/2.7.3/sesame-repository-api-2.7.3.jar
7f327542f000-7f3275432000 r--s 00024000 08:07 526110                     /home/ahmed/.m2/repository/org/openrdf/sesame/sesame-model/2.7.3/sesame-model-2.7.3.jar
7f3275432000-7f3275433000 r--s 00001000 08:07 526108                     /home/ahmed/.m2/repository/org/openrdf/sesame/sesame-runtime/2.7.3/sesame-runtime-2.7.3.jar
7f3275433000-7f3275435000 r--s 00006000 08:07 526106                     /home/ahmed/.m2/repository/com/github/sharispe/slib-utils/0.9.1/slib-utils-0.9.1.jar
7f3275435000-7f327543c000 r--s 00034000 08:07 526104                     /home/ahmed/.m2/repository/com/github/sharispe/slib-sml/0.9.1/slib-sml-0.9.1.jar
7f327543c000-7f327543f000 r--s 141bd000 08:07 524017                     /home/ahmed/.m2/repository/edu/stanford/nlp/stanford-corenlp/3.5.2/stanford-corenlp-3.5.2-models.jar
7f327543f000-7f3275440000 r--s 00004000 08:07 524014                     /home/ahmed/.m2/repository/javax/json/javax.json-api/1.0/javax.json-api-1.0.jar
7f3275440000-7f3275445000 r--s 00045000 08:07 524012                     /home/ahmed/.m2/repository/com/googlecode/efficient-java-matrix-library/ejml/0.23/ejml-0.23.jar
7f3275445000-7f3275449000 r--s 00015000 08:07 524010                     /home/ahmed/.m2/repository/javax/xml/bind/jaxb-api/2.2.7/jaxb-api-2.2.7.jar
7f3275449000-7f327544e000 r--s 0002d000 08:07 524008                     /home/ahmed/.m2/repository/de/jollyday/jollyday/0.4.7/jollyday-0.4.7.jar
7f327544e000-7f327545e000 r--s 0007c000 08:07 401047                     /home/ahmed/.m2/repository/joda-time/joda-time/2.1/joda-time-2.1.jar
7f327545e000-7f327547c000 r--s 0027d000 08:07 524006                     /home/ahmed/.m2/repository/xalan/xalan/2.7.0/xalan-2.7.0.jar
7f327547c000-7f3275483000 r--s 00046000 08:07 524000                     /home/ahmed/.m2/repository/com/io7m/xom/xom/1.2.10/xom-1.2.10.jar
7f3275483000-7f32754cc000 r--s 00620000 08:07 523998                     /home/ahmed/.m2/repository/edu/stanford/nlp/stanford-corenlp/3.5.2/stanford-corenlp-3.5.2.jar
7f32754cc000-7f32754ce000 r--s 0000e000 08:07 397838                     /home/ahmed/.m2/repository/com/101tec/zkclient/0.3/zkclient-0.3.jar
7f32754ce000-7f32754d0000 r--s 0000b000 08:07 397836                     /home/ahmed/.m2/repository/net/sf/jopt-simple/jopt-simple/3.2/jopt-simple-3.2.jar
7f32754d0000-7f3275542000 r--s 0065a000 08:07 397829                     /home/ahmed/.m2/repository/org/scala-lang/scala-library/2.10.4/scala-library-2.10.4.jar
7f3275542000-7f3275545000 r--s 00012000 08:07 397827                     /home/ahmed/.m2/repository/com/yammer/metrics/metrics-core/2.2.0/metrics-core-2.2.0.jar
7f3275545000-7f327558d000 r--s 00387000 08:07 397821                     /home/ahmed/.m2/repository/org/apache/kafka/kafka_2.10/0.8.2.1/kafka_2.10-0.8.2.1.jar
7f327558d000-7f32755b9000 r--s 00208000 08:07 405266                     /home/ahmed/.m2/repository/com/google/guava/guava/19.0/guava-19.0.jar
7f32755b9000-7f32755e0000 r--s 001f6000 08:07 524045                     /home/ahmed/.m2/repository/org/apache/commons/commons-math3/3.6.1/commons-math3-3.6.1.jar
7f32755e0000-7f32755f1000 r--s 000b2000 08:07 403596                     /home/ahmed/.m2/repository/com/vividsolutions/jts/1.13/jts-1.13.jar
7f32755f1000-7f32755f5000 r--s 00014000 08:07 401758                     /home/ahmed/.m2/repository/org/tukaani/xz/1.0/xz-1.0.jar
7f32755f5000-7f32755fa000 r--s 00036000 08:07 530263                     /home/ahmed/.m2/repository/org/apache/commons/commons-compress/1.4.1/commons-compress-1.4.1.jar
7f32755fa000-7f3275612000 r--s 00110000 08:07 397834                     /home/ahmed/.m2/repository/io/netty/netty/3.7.0.Final/netty-3.7.0.Final.jar
7f3275612000-7f327561e000 r--s 000b6000 08:07 397832                     /home/ahmed/.m2/repository/org/apache/zookeeper/zookeeper/3.4.6/zookeeper-3.4.6.jar
7f327561e000-7f3275621000 r--s 00006000 08:07 530259                     /home/ahmed/.m2/repository/com/google/code/findbugs/jsr305/3.0.0/jsr305-3.0.0.jar
7f3275621000-7f3275629000 r--s 0003b000 08:07 530257                     /home/ahmed/.m2/repository/org/apache/curator/curator-recipes/2.7.1/curator-recipes-2.7.1.jar
7f3275629000-7f327562b000 r--s 0000f000 08:07 530255                     /home/ahmed/.m2/repository/org/apache/curator/curator-client/2.7.1/curator-client-2.7.1.jar
7f327562b000-7f327562e000 r--s 0002b000 08:07 530152                     /home/ahmed/.m2/repository/com/jcraft/jsch/0.1.42/jsch-0.1.42.jar
7f327562e000-7f3275634000 r--s 00028000 08:07 530253                     /home/ahmed/.m2/repository/org/apache/curator/curator-framework/2.7.1/curator-framework-2.7.1.jar
7f3275634000-7f3275636000 r--s 00012000 08:07 530251                     /home/ahmed/.m2/repository/org/apache/directory/api/api-util/1.0.0-M20/api-util-1.0.0-M20.jar
7f3275636000-7f3275638000 r--s 00003000 08:07 530249                     /home/ahmed/.m2/repository/org/apache/directory/api/api-asn1-api/1.0.0-M20/api-asn1-api-1.0.0-M20.jar
7f3275638000-7f3275639000 r--s 0000a000 08:07 530247                     /home/ahmed/.m2/repository/org/apache/directory/server/apacheds-i18n/2.0.0-M15/apacheds-i18n-2.0.0-M15.jar
7f3275639000-7f327564b000 r--s 00097000 08:07 530245                     /home/ahmed/.m2/repository/org/apache/directory/server/apacheds-kerberos-codec/2.0.0-M15/apacheds-kerberos-codec-2.0.0-M15.jar
7f327564b000-7f327564e000 r--s 0000f000 08:07 530243                     /home/ahmed/.m2/repository/org/apache/hadoop/hadoop-auth/2.7.1/hadoop-auth-2.7.1.jar
7f327564e000-7f3275650000 r--s 00006000 08:07 530239                     /home/ahmed/.m2/repository/com/thoughtworks/paranamer/paranamer/2.3/paranamer-2.3.jar
7f3275650000-7f3275657000 r--s 00044000 08:07 530237                     /home/ahmed/.m2/repository/org/apache/avro/avro/1.7.4/avro-1.7.4.jar
7f3275657000-7f327565b000 r--s 0002f000 08:07 526224                     /home/ahmed/.m2/repository/commons-beanutils/commons-beanutils-core/1.8.0/commons-beanutils-core-1.8.0.jar
7f327565b000-7f3275660000 r--s 0002a000 08:07 526222                     /home/ahmed/.m2/repository/commons-beanutils/commons-beanutils/1.7.0/commons-beanutils-1.7.0.jar
7f3275660000-7f3275664000 r--s 00020000 08:07 526220                     /home/ahmed/.m2/repository/commons-digester/commons-digester/1.8/commons-digester-1.8.jar
7f3275664000-7f327566a000 r--s 00043000 08:07 526216                     /home/ahmed/.m2/repository/commons-configuration/commons-configuration/1.6/commons-configuration-1.6.jar
7f327566a000-7f327566b000 r--s 00004000 08:07 530225                     /home/ahmed/.m2/repository/com/jamesmurty/utils/java-xmlbuilder/0.4/java-xmlbuilder-0.4.jar
7f327566b000-7f3275670000 r--s 00028000 08:07 530223                     /home/ahmed/.m2/repository/org/apache/httpcomponents/httpcore/4.1.2/httpcore-4.1.2.jar
7f3275670000-7f3275678000 r--s 0004e000 08:07 530221                     /home/ahmed/.m2/repository/org/apache/httpcomponents/httpclient/4.1.2/httpclient-4.1.2.jar
7f3275678000-7f3275681000 r--s 0007b000 08:07 530219                     /home/ahmed/.m2/repository/net/java/dev/jets3t/jets3t/0.9.0/jets3t-0.9.0.jar
7f3275681000-7f3275682000 r--s 00007000 08:07 530213                     /home/ahmed/.m2/repository/org/codehaus/jackson/jackson-xc/1.8.3/jackson-xc-1.8.3.jar
7f3275682000-7f3275683000 r--s 00004000 08:07 530211                     /home/ahmed/.m2/repository/org/codehaus/jackson/jackson-jaxrs/1.8.3/jackson-jaxrs-1.8.3.jar
7f3275683000-7f3275696000 r--s 000c7000 08:07 530209                     /home/ahmed/.m2/repository/com/sun/xml/bind/jaxb-impl/2.2.3-1/jaxb-impl-2.2.3-1.jar
7f3275696000-7f3275698000 r--s 0000f000 08:07 530207                     /home/ahmed/.m2/repository/org/codehaus/jettison/jettison/1.1/jettison-1.1.jar
7f3275698000-7f327569c000 r--s 00021000 08:07 530205                     /home/ahmed/.m2/repository/com/sun/jersey/jersey-json/1.9/jersey-json-1.9.jar
7f327569c000-7f327569f000 r--s 00016000 08:07 530201                     /home/ahmed/.m2/repository/javax/servlet/jsp/jsp-api/2.1/jsp-api-2.1.jar
7f327569f000-7f32756ad000 r--s 0007f000 08:07 526218                     /home/ahmed/.m2/repository/commons-collections/commons-collections/3.2.1/commons-collections-3.2.1.jar
7f32756ad000-7f32756b2000 r--s 0003e000 08:07 530199                     /home/ahmed/.m2/repository/commons-net/commons-net/3.1/commons-net-3.1.jar
7f32756b2000-7f32756b8000 r--s 00045000 08:07 526160                     /home/ahmed/.m2/repository/commons-httpclient/commons-httpclient/3.1/commons-httpclient-3.1.jar
7f32756b8000-7f3275730000 r--s 010c6000 08:07 1706683                    /opt/jdk/jdk1.8.0_05/lib/tools.jar
7f3275730000-7f3275732000 r--s 00003000 08:07 530191                     /home/ahmed/.m2/repository/org/apache/hadoop/hadoop-annotations/2.7.1/hadoop-annotations-2.7.1.jar
7f3275732000-7f3275768000 r--s 00310000 08:07 395702                     /home/ahmed/.m2/repository/org/apache/hadoop/hadoop-common/2.7.1/hadoop-common-2.7.1.jar
7f3275768000-7f327576b000 r--s 00018000 08:07 401770                     /home/ahmed/.m2/repository/org/apache/commons/commons-pool2/2.3/commons-pool2-2.3.jar
7f327576b000-7f3275777000 r--s 00077000 08:07 401768                     /home/ahmed/.m2/repository/redis/clients/jedis/2.8.0/jedis-2.8.0.jar
7f3275777000-7f327577a000 r--s 000fd000 08:07 530334                     /home/ahmed/.m2/repository/org/fusesource/leveldbjni/leveldbjni-all/1.8/leveldbjni-all-1.8.jar
7f327577a000-7f3275793000 r--s 00150000 08:07 530261                     /home/ahmed/.m2/repository/org/apache/htrace/htrace-core/3.1.0-incubating/htrace-core-3.1.0-incubating.jar
7f3275793000-7f327579b000 r--s 00028000 08:07 529629                     /home/ahmed/.m2/repository/xml-apis/xml-apis/1.3.04/xml-apis-1.3.04.jar
7f327579b000-7f32757b3000 r--s 00115000 08:07 529627                     /home/ahmed/.m2/repository/xerces/xercesImpl/2.9.1/xercesImpl-2.9.1.jar
7f32757b3000-7f32757d0000 r--s 00196000 08:07 403930                     /home/ahmed/.m2/repository/io/netty/netty-all/4.0.23.Final/netty-all-4.0.23.Final.jar
7f32757d0000-7f32757de000 r--s 000b1000 08:07 530235                     /home/ahmed/.m2/repository/org/codehaus/jackson/jackson-mapper-asl/1.9.13/jackson-mapper-asl-1.9.13.jar
7f32757de000-7f32757e2000 r--s 00035000 08:07 530233                     /home/ahmed/.m2/repository/org/codehaus/jackson/jackson-core-asl/1.9.13/jackson-core-asl-1.9.13.jar
7f32757e2000-7f32757e4000 r--s 00018000 08:07 397860                     /home/ahmed/.m2/repository/javax/servlet/servlet-api/2.5/servlet-api-2.5.jar
7f32757e4000-7f32757ec000 r--s 0007b000 08:07 530241                     /home/ahmed/.m2/repository/com/google/protobuf/protobuf-java/2.5.0/protobuf-java-2.5.0.jar
7f32757ec000-7f32757f5000 r--s 0006f000 08:07 526198                     /home/ahmed/.m2/repository/log4j/log4j/1.2.17/log4j-1.2.17.jar
7f32757f5000-7f32757f7000 r--s 0000e000 08:07 397892                     /home/ahmed/.m2/repository/commons-logging/commons-logging/1.1.3/commons-logging-1.1.3.jar
7f32757f7000-7f32757fc000 r--s 00041000 08:07 530227                     /home/ahmed/.m2/repository/commons-lang/commons-lang/2.6/commons-lang-2.6.jar
7f32757fc000-7f3275800000 r--s 0002a000 08:07 397872                     /home/ahmed/.m2/repository/commons-io/commons-io/2.4/commons-io-2.4.jar
7f3275800000-7f3275812000 r--s 0009d000 08:07 530215                     /home/ahmed/.m2/repository/com/sun/jersey/jersey-server/1.9/jersey-server-1.9.jar
7f3275812000-7f327581c000 r--s 00066000 08:07 530203                     /home/ahmed/.m2/repository/com/sun/jersey/jersey-core/1.9/jersey-core-1.9.jar
7f327581c000-7f327581d000 ---p 00000000 00:00 0 
7f327581d000-7f327591d000 rw-p 00000000 00:00 0                          [stack:13997]
7f327591d000-7f3275920000 ---p 00000000 00:00 0 
7f3275920000-7f3275a1e000 rw-p 00000000 00:00 0                          [stack:13996]
7f3275a1e000-7f3275a21000 ---p 00000000 00:00 0 
7f3275a21000-7f3275b1f000 rw-p 00000000 00:00 0                          [stack:13995]
7f3275b1f000-7f3275b22000 ---p 00000000 00:00 0 
7f3275b22000-7f3275c20000 rw-p 00000000 00:00 0                          [stack:13994]
7f3275c20000-7f3275c23000 ---p 00000000 00:00 0 
7f3275c23000-7f3275d21000 rw-p 00000000 00:00 0                          [stack:13993]
7f3275d21000-7f3275d24000 ---p 00000000 00:00 0 
7f3275d24000-7f3275e22000 rw-p 00000000 00:00 0                          [stack:13992]
7f3275e22000-7f3276516000 r--p 00000000 08:07 662300                     /usr/lib/locale/locale-archive
7f3276516000-7f3276519000 ---p 00000000 00:00 0 
7f3276519000-7f3276617000 rw-p 00000000 00:00 0                          [stack:13986]
7f3276617000-7f327661a000 ---p 00000000 00:00 0 
7f327661a000-7f3276718000 rw-p 00000000 00:00 0                          [stack:13985]
7f3276718000-7f3276719000 ---p 00000000 00:00 0 
7f3276719000-7f3277627000 rw-p 00000000 00:00 0                          [stack:13983]
7f3277627000-7f3277800000 r--s 03d24000 08:07 1967149                    /usr/lib/jvm/java-8-oracle/jre/lib/rt.jar
7f3277800000-7f3278000000 rw-p 00000000 00:00 0 
7f3278000000-7f327809f000 rw-p 00000000 00:00 0 
7f327809f000-7f327c000000 ---p 00000000 00:00 0 
7f327c000000-7f327c001000 r--s 00003000 08:07 530197                     /home/ahmed/.m2/repository/xmlenc/xmlenc/0.52/xmlenc-0.52.jar
7f327c001000-7f327c005000 r--s 00028000 08:07 397864                     /home/ahmed/.m2/repository/org/mortbay/jetty/jetty-util/6.1.26/jetty-util-6.1.26.jar
7f327c005000-7f327c06f000 r--s 00777000 08:07 530343                     /home/ahmed/.m2/repository/org/apache/hadoop/hadoop-hdfs/2.7.1/hadoop-hdfs-2.7.1.jar
7f327c06f000-7f327c6e7000 rw-p 00000000 00:00 0 
7f327c6e7000-7f327c6e8000 ---p 00000000 00:00 0 
7f327c6e8000-7f327c7e8000 rw-p 00000000 00:00 0                          [stack:13981]
7f327c7e8000-7f327c7e9000 ---p 00000000 00:00 0 
7f327c7e9000-7f327c8e9000 rw-p 00000000 00:00 0                          [stack:13980]
7f327c8e9000-7f327c8ea000 ---p 00000000 00:00 0 
7f327c8ea000-7f327c9ea000 rw-p 00000000 00:00 0                          [stack:13979]
7f327c9ea000-7f327c9eb000 ---p 00000000 00:00 0 
7f327c9eb000-7f327d000000 rw-p 00000000 00:00 0                          [stack:13978]
7f327d000000-7f327d4f0000 rwxp 00000000 00:00 0 
7f327d4f0000-7f328c000000 ---p 00000000 00:00 0 
7f328c000000-7f328c8db000 rw-p 00000000 00:00 0 
7f328c8db000-7f3290000000 ---p 00000000 00:00 0 
7f3290000000-7f3290001000 r--s 00005000 08:07 530332                     /home/ahmed/.m2/repository/commons-daemon/commons-daemon/1.0.13/commons-daemon-1.0.13.jar
7f3290001000-7f3290003000 r--s 0000d000 08:07 399043                     /home/ahmed/.m2/repository/commons-codec/commons-codec/1.4/commons-codec-1.4.jar
7f3290003000-7f3290460000 rw-p 00000000 00:00 0 
7f3290460000-7f329080c000 ---p 00000000 00:00 0 
7f329080c000-7f3290826000 r-xp 00000000 08:07 1984385                    /usr/lib/jvm/java-8-oracle/jre/lib/amd64/libzip.so
7f3290826000-7f3290a26000 ---p 0001a000 08:07 1984385                    /usr/lib/jvm/java-8-oracle/jre/lib/amd64/libzip.so
7f3290a26000-7f3290a27000 rw-p 0001a000 08:07 1984385                    /usr/lib/jvm/java-8-oracle/jre/lib/amd64/libzip.so
7f3290a27000-7f3290a32000 r-xp 00000000 08:07 140792                     /lib/x86_64-linux-gnu/libnss_files-2.19.so
7f3290a32000-7f3290c31000 ---p 0000b000 08:07 140792                     /lib/x86_64-linux-gnu/libnss_files-2.19.so
7f3290c31000-7f3290c32000 r--p 0000a000 08:07 140792                     /lib/x86_64-linux-gnu/libnss_files-2.19.so
7f3290c32000-7f3290c33000 rw-p 0000b000 08:07 140792                     /lib/x86_64-linux-gnu/libnss_files-2.19.so
7f3290c33000-7f3290c3e000 r-xp 00000000 08:07 140784                     /lib/x86_64-linux-gnu/libnss_nis-2.19.so
7f3290c3e000-7f3290e3d000 ---p 0000b000 08:07 140784                     /lib/x86_64-linux-gnu/libnss_nis-2.19.so
7f3290e3d000-7f3290e3e000 r--p 0000a000 08:07 140784                     /lib/x86_64-linux-gnu/libnss_nis-2.19.so
7f3290e3e000-7f3290e3f000 rw-p 0000b000 08:07 140784                     /lib/x86_64-linux-gnu/libnss_nis-2.19.so
7f3290e3f000-7f3290e56000 r-xp 00000000 08:07 140780                     /lib/x86_64-linux-gnu/libnsl-2.19.so
7f3290e56000-7f3291055000 ---p 00017000 08:07 140780                     /lib/x86_64-linux-gnu/libnsl-2.19.so
7f3291055000-7f3291056000 r--p 00016000 08:07 140780                     /lib/x86_64-linux-gnu/libnsl-2.19.so
7f3291056000-7f3291057000 rw-p 00017000 08:07 140780                     /lib/x86_64-linux-gnu/libnsl-2.19.so
7f3291057000-7f3291059000 rw-p 00000000 00:00 0 
7f3291059000-7f3291062000 r-xp 00000000 08:07 140779                     /lib/x86_64-linux-gnu/libnss_compat-2.19.so
7f3291062000-7f3291261000 ---p 00009000 08:07 140779                     /lib/x86_64-linux-gnu/libnss_compat-2.19.so
7f3291261000-7f3291262000 r--p 00008000 08:07 140779                     /lib/x86_64-linux-gnu/libnss_compat-2.19.so
7f3291262000-7f3291263000 rw-p 00009000 08:07 140779                     /lib/x86_64-linux-gnu/libnss_compat-2.19.so
7f3291263000-7f329128d000 r-xp 00000000 08:07 1973878                    /usr/lib/jvm/java-8-oracle/jre/lib/amd64/libjava.so
7f329128d000-7f329148d000 ---p 0002a000 08:07 1973878                    /usr/lib/jvm/java-8-oracle/jre/lib/amd64/libjava.so
7f329148d000-7f329148f000 rw-p 0002a000 08:07 1973878                    /usr/lib/jvm/java-8-oracle/jre/lib/amd64/libjava.so
7f329148f000-7f329149c000 r-xp 00000000 08:07 1973257                    /usr/lib/jvm/java-8-oracle/jre/lib/amd64/libverify.so
7f329149c000-7f329169c000 ---p 0000d000 08:07 1973257                    /usr/lib/jvm/java-8-oracle/jre/lib/amd64/libverify.so
7f329169c000-7f329169e000 rw-p 0000d000 08:07 1973257                    /usr/lib/jvm/java-8-oracle/jre/lib/amd64/libverify.so
7f329169e000-7f32916a5000 r-xp 00000000 08:07 140788                     /lib/x86_64-linux-gnu/librt-2.19.so
7f32916a5000-7f32918a4000 ---p 00007000 08:07 140788                     /lib/x86_64-linux-gnu/librt-2.19.so
7f32918a4000-7f32918a5000 r--p 00006000 08:07 140788                     /lib/x86_64-linux-gnu/librt-2.19.so
7f32918a5000-7f32918a6000 rw-p 00007000 08:07 140788                     /lib/x86_64-linux-gnu/librt-2.19.so
7f32918a6000-7f32919ab000 r-xp 00000000 08:07 140774                     /lib/x86_64-linux-gnu/libm-2.19.so
7f32919ab000-7f3291baa000 ---p 00105000 08:07 140774                     /lib/x86_64-linux-gnu/libm-2.19.so
7f3291baa000-7f3291bab000 r--p 00104000 08:07 140774                     /lib/x86_64-linux-gnu/libm-2.19.so
7f3291bab000-7f3291bac000 rw-p 00105000 08:07 140774                     /lib/x86_64-linux-gnu/libm-2.19.so
7f3291bac000-7f329286f000 r-xp 00000000 08:07 1973882                    /usr/lib/jvm/java-8-oracle/jre/lib/amd64/server/libjvm.so
7f329286f000-7f3292a6e000 ---p 00cc3000 08:07 1973882                    /usr/lib/jvm/java-8-oracle/jre/lib/amd64/server/libjvm.so
7f3292a6e000-7f3292b47000 rw-p 00cc2000 08:07 1973882                    /usr/lib/jvm/java-8-oracle/jre/lib/amd64/server/libjvm.so
7f3292b47000-7f3292b92000 rw-p 00000000 00:00 0 
7f3292b92000-7f3292d4d000 r-xp 00000000 08:07 140789                     /lib/x86_64-linux-gnu/libc-2.19.so
7f3292d4d000-7f3292f4c000 ---p 001bb000 08:07 140789                     /lib/x86_64-linux-gnu/libc-2.19.so
7f3292f4c000-7f3292f50000 r--p 001ba000 08:07 140789                     /lib/x86_64-linux-gnu/libc-2.19.so
7f3292f50000-7f3292f52000 rw-p 001be000 08:07 140789                     /lib/x86_64-linux-gnu/libc-2.19.so
7f3292f52000-7f3292f57000 rw-p 00000000 00:00 0 
7f3292f57000-7f3292f5a000 r-xp 00000000 08:07 140776                     /lib/x86_64-linux-gnu/libdl-2.19.so
7f3292f5a000-7f3293159000 ---p 00003000 08:07 140776                     /lib/x86_64-linux-gnu/libdl-2.19.so
7f3293159000-7f329315a000 r--p 00002000 08:07 140776                     /lib/x86_64-linux-gnu/libdl-2.19.so
7f329315a000-7f329315b000 rw-p 00003000 08:07 140776                     /lib/x86_64-linux-gnu/libdl-2.19.so
7f329315b000-7f3293170000 r-xp 00000000 08:07 1966345                    /usr/lib/jvm/java-8-oracle/lib/amd64/jli/libjli.so
7f3293170000-7f3293370000 ---p 00015000 08:07 1966345                    /usr/lib/jvm/java-8-oracle/lib/amd64/jli/libjli.so
7f3293370000-7f3293371000 rw-p 00015000 08:07 1966345                    /usr/lib/jvm/java-8-oracle/lib/amd64/jli/libjli.so
7f3293371000-7f329338a000 r-xp 00000000 08:07 140781                     /lib/x86_64-linux-gnu/libpthread-2.19.so
7f329338a000-7f3293589000 ---p 00019000 08:07 140781                     /lib/x86_64-linux-gnu/libpthread-2.19.so
7f3293589000-7f329358a000 r--p 00018000 08:07 140781                     /lib/x86_64-linux-gnu/libpthread-2.19.so
7f329358a000-7f329358b000 rw-p 00019000 08:07 140781                     /lib/x86_64-linux-gnu/libpthread-2.19.so
7f329358b000-7f329358f000 rw-p 00000000 00:00 0 
7f329358f000-7f32935b2000 r-xp 00000000 08:07 140782                     /lib/x86_64-linux-gnu/ld-2.19.so
7f32935b2000-7f32935b4000 r--s 00009000 08:07 526202                     /home/ahmed/.m2/repository/commons-cli/commons-cli/1.2/commons-cli-1.2.jar
7f32935b4000-7f32935b5000 r--s 0000a000 08:07 530217                     /home/ahmed/.m2/repository/asm/asm/3.1/asm-3.1.jar
7f32935b5000-7f329368c000 rw-p 00000000 00:00 0 
7f329368c000-7f329368f000 ---p 00000000 00:00 0 
7f329368f000-7f3293791000 rw-p 00000000 00:00 0                          [stack:13977]
7f3293791000-7f3293798000 r--s 0007d000 08:07 397862                     /home/ahmed/.m2/repository/org/mortbay/jetty/jetty/6.1.26/jetty-6.1.26.jar
7f3293798000-7f329379a000 r--s 00000000 08:07 403420                     /home/ahmed/.m2/repository/com/lookout/storm-metrics-statsd/1.0.0/storm-metrics-statsd-1.0.0.jar
7f329379a000-7f329379b000 r--s 00001000 08:07 401101                     /home/ahmed/.m2/repository/com/timgroup/java-statsd-client/2.0.0/java-statsd-client-2.0.0.jar
7f329379b000-7f329379d000 r--s 0000c000 08:07 1581888                    /opt/eclipse/plugins/org.hamcrest.core_1.3.0.v201303031735.jar
7f329379d000-7f32937a5000 r--s 00045000 08:07 1707933                    /opt/eclipse/plugins/org.junit_4.12.0.v201504281640/junit.jar
7f32937a5000-7f32937ad000 rw-s 00000000 08:07 395686                     /tmp/hsperfdata_ahmed/13972
7f32937ad000-7f32937ae000 rw-p 00000000 00:00 0 
7f32937ae000-7f32937af000 ---p 00000000 00:00 0 
7f32937af000-7f32937b1000 rw-p 00000000 00:00 0 
7f32937b1000-7f32937b2000 r--p 00022000 08:07 140782                     /lib/x86_64-linux-gnu/ld-2.19.so
7f32937b2000-7f32937b3000 rw-p 00023000 08:07 140782                     /lib/x86_64-linux-gnu/ld-2.19.so
7f32937b3000-7f32937b4000 rw-p 00000000 00:00 0 
7ffd1fc98000-7ffd1fcbd000 rw-p 00000000 00:00 0                          [stack]
7ffd1fdaf000-7ffd1fdb1000 r-xp 00000000 00:00 0                          [vdso]
7ffd1fdb1000-7ffd1fdb3000 r--p 00000000 00:00 0                          [vvar]
ffffffffff600000-ffffffffff601000 r-xp 00000000 00:00 0                  [vsyscall]

VM Arguments:
jvm_args: -Xmx2600m -Xms2600m -Dfile.encoding=UTF-8 
java_command: edu.purdue.cs.tornado.atlas.GroupByWithInDistance
java_class_path (initial): /media/E/linuxdropbox/Dropbox/Linux development/Tornado/Tornado/target/classes:/opt/eclipse/plugins/org.junit_4.12.0.v201504281640/junit.jar:/opt/eclipse/plugins/org.hamcrest.core_1.3.0.v201303031735.jar:/home/ahmed/.m2/repository/com/timgroup/java-statsd-client/2.0.0/java-statsd-client-2.0.0.jar:/home/ahmed/.m2/repository/com/lookout/storm-metrics-statsd/1.0.0/storm-metrics-statsd-1.0.0.jar:/home/ahmed/.m2/repository/org/apache/hadoop/hadoop-hdfs/2.7.1/hadoop-hdfs-2.7.1.jar:/home/ahmed/.m2/repository/org/mortbay/jetty/jetty/6.1.26/jetty-6.1.26.jar:/home/ahmed/.m2/repository/org/mortbay/jetty/jetty-util/6.1.26/jetty-util-6.1.26.jar:/home/ahmed/.m2/repository/com/sun/jersey/jersey-core/1.9/jersey-core-1.9.jar:/home/ahmed/.m2/repository/com/sun/jersey/jersey-server/1.9/jersey-server-1.9.jar:/home/ahmed/.m2/repository/asm/asm/3.1/asm-3.1.jar:/home/ahmed/.m2/repository/commons-cli/commons-cli/1.2/commons-cli-1.2.jar:/home/ahmed/.m2/repository/commons-codec/commons-codec/1.4/commons-codec-1.4.jar:/home/ahmed/.m2/repository/commons-io/commons-io/2.4/commons-io-2.4.jar:/home/ahmed/.m2/repository/commons-lang/commons-lang/2.6/commons-lang-2.6.jar:/home/ahmed/.m2/repository/commons-logging/commons-logging/1.1.3/commons-logging-1.1.3.jar:/home/ahmed/.m2/repository/commons-daemon/commons-daemon/1.0.13/commons-daemon-1.0.13.jar:/home/ahmed/.m2/repository/log4j/log4j/1.2.17/log4j-1.2.17.jar:/home/ahmed/.m2/repository/com/google/protobuf/protobuf-java/2.5.0/protobuf-java-2.5.0.jar:/home/ahmed/.m2/repository/javax/servlet/servlet-api/2.5/servlet-api-2.5.jar:/home/ahmed/.m2/repository/org/codehaus/jackson/jackson-core-asl/1.9.13/jackson-core-asl-1.9.13.jar:/home/ahmed/.m2/repository/org/codehaus/jackson/jackson-mapper-asl/1.9.13/jackson-mapper-asl-1.9.13.jar:/home/ahmed/.m2/repository/xmlenc/xmlenc/0.52/xmlenc-0.52.jar:/home/ahmed/.m2/repository/io/netty/netty-all/4.0.23.Final/netty-all-4.0.23.Final.jar:/home/ahmed/.m2/repository/xerces/xercesImpl/2.9.1
Launcher Type: SUN_STANDARD

Environment Variables:
JAVA_HOME=/usr/lib/jvm/java-8-oracle
PATH=/usr/local/sbin:/usr/local/bin:/usr/sbin:/usr/bin:/sbin:/bin:/usr/games:/usr/local/games:/usr/lib/jvm/java-8-oracle/bin:/usr/lib/jvm/java-8-oracle/db/bin:/usr/lib/jvm/java-8-oracle/jre/bin
SHELL=/bin/bash
DISPLAY=:0

Signal Handlers:
SIGSEGV: [libjvm.so+0xabdee0], sa_mask[0]=11111111011111111101111111111110, sa_flags=SA_RESTART|SA_SIGINFO
SIGBUS: [libjvm.so+0xabdee0], sa_mask[0]=11111111011111111101111111111110, sa_flags=SA_RESTART|SA_SIGINFO
SIGFPE: [libjvm.so+0x91a580], sa_mask[0]=11111111011111111101111111111110, sa_flags=SA_RESTART|SA_SIGINFO
SIGPIPE: [libjvm.so+0x91a580], sa_mask[0]=11111111011111111101111111111110, sa_flags=SA_RESTART|SA_SIGINFO
SIGXFSZ: [libjvm.so+0x91a580], sa_mask[0]=11111111011111111101111111111110, sa_flags=SA_RESTART|SA_SIGINFO
SIGILL: [libjvm.so+0x91a580], sa_mask[0]=11111111011111111101111111111110, sa_flags=SA_RESTART|SA_SIGINFO
SIGUSR1: SIG_DFL, sa_mask[0]=00000000000000000000000000000000, sa_flags=none
SIGUSR2: [libjvm.so+0x91bbb0], sa_mask[0]=00100000000000000000000000000000, sa_flags=SA_RESTART|SA_SIGINFO
SIGHUP: [libjvm.so+0x91cfb0], sa_mask[0]=11111111011111111101111111111110, sa_flags=SA_RESTART|SA_SIGINFO
SIGINT: [libjvm.so+0x91cfb0], sa_mask[0]=11111111011111111101111111111110, sa_flags=SA_RESTART|SA_SIGINFO
SIGTERM: [libjvm.so+0x91cfb0], sa_mask[0]=11111111011111111101111111111110, sa_flags=SA_RESTART|SA_SIGINFO
SIGQUIT: [libjvm.so+0x91cfb0], sa_mask[0]=11111111011111111101111111111110, sa_flags=SA_RESTART|SA_SIGINFO


---------------  S Y S T E M  ---------------

OS:DISTRIB_ID=Ubuntu
DISTRIB_RELEASE=14.04
DISTRIB_CODENAME=trusty
DISTRIB_DESCRIPTION="Ubuntu 14.04.4 LTS"

uname:Linux 3.16.0-70-generic #90~14.04.1-Ubuntu SMP Wed Apr 6 22:56:34 UTC 2016 x86_64
libc:glibc 2.19 NPTL 2.19 
rlimit: STACK 8192k, CORE 0k, NPROC 31043, NOFILE 80000, AS infinity
load average:6.09 5.86 4.35

/proc/meminfo:
MemTotal:        7968596 kB
MemFree:          142064 kB
MemAvailable:     505932 kB
Buffers:           58604 kB
Cached:           945776 kB
SwapCached:        69824 kB
Active:          6031772 kB
Inactive:        1400852 kB
Active(anon):    5803556 kB
Inactive(anon):  1183228 kB
Active(file):     228216 kB
Inactive(file):   217624 kB
Unevictable:         284 kB
Mlocked:             284 kB
SwapTotal:       8179708 kB
SwapFree:        6810360 kB
Dirty:              3356 kB
Writeback:             0 kB
AnonPages:       6400272 kB
Mapped:           287068 kB
Shmem:            558540 kB
Slab:             214900 kB
SReclaimable:     171432 kB
SUnreclaim:        43468 kB
KernelStack:       14720 kB
PageTables:        71920 kB
NFS_Unstable:          0 kB
Bounce:                0 kB
WritebackTmp:          0 kB
CommitLimit:    12164004 kB
Committed_AS:   17846072 kB
VmallocTotal:   34359738367 kB
VmallocUsed:      553996 kB
VmallocChunk:   34359173084 kB
HardwareCorrupted:     0 kB
AnonHugePages:   3700736 kB
HugePages_Total:       0
HugePages_Free:        0
HugePages_Rsvd:        0
HugePages_Surp:        0
Hugepagesize:       2048 kB
DirectMap4k:       86988 kB
DirectMap2M:     8093696 kB


CPU:total 4 (2 cores per cpu, 2 threads per core) family 6 model 37 stepping 5, cmov, cx8, fxsr, mmx, sse, sse2, sse3, ssse3, sse4.1, sse4.2, popcnt, ht, tsc, tscinvbit

/proc/cpuinfo:
processor	: 0
vendor_id	: GenuineIntel
cpu family	: 6
model		: 37
model name	: Intel(R) Core(TM) i5 CPU       M 450  @ 2.40GHz
stepping	: 5
microcode	: 0x1
cpu MHz		: 1199.000
cache size	: 3072 KB
physical id	: 0
siblings	: 4
core id		: 0
cpu cores	: 2
apicid		: 0
initial apicid	: 0
fpu		: yes
fpu_exception	: yes
cpuid level	: 11
wp		: yes
flags		: fpu vme de pse tsc msr pae mce cx8 apic sep mtrr pge mca cmov pat pse36 clflush dts acpi mmx fxsr sse sse2 ss ht tm pbe syscall nx rdtscp lm constant_tsc arch_perfmon pebs bts rep_good nopl xtopology nonstop_tsc aperfmperf pni dtes64 monitor ds_cpl vmx est tm2 ssse3 cx16 xtpr pdcm pcid sse4_1 sse4_2 popcnt lahf_lm ida arat dtherm tpr_shadow vnmi flexpriority ept vpid
bogomips	: 4787.96
clflush size	: 64
cache_alignment	: 64
address sizes	: 36 bits physical, 48 bits virtual
power management:

processor	: 1
vendor_id	: GenuineIntel
cpu family	: 6
model		: 37
model name	: Intel(R) Core(TM) i5 CPU       M 450  @ 2.40GHz
stepping	: 5
microcode	: 0x1
cpu MHz		: 1199.000
cache size	: 3072 KB
physical id	: 0
siblings	: 4
core id		: 2
cpu cores	: 2
apicid		: 4
initial apicid	: 4
fpu		: yes
fpu_exception	: yes
cpuid level	: 11
wp		: yes
flags		: fpu vme de pse tsc msr pae mce cx8 apic sep mtrr pge mca cmov pat pse36 clflush dts acpi mmx fxsr sse sse2 ss ht tm pbe syscall nx rdtscp lm constant_tsc arch_perfmon pebs bts rep_good nopl xtopology nonstop_tsc aperfmperf pni dtes64 monitor ds_cpl vmx est tm2 ssse3 cx16 xtpr pdcm pcid sse4_1 sse4_2 popcnt lahf_lm ida arat dtherm tpr_shadow vnmi flexpriority ept vpid
bogomips	: 4787.96
clflush size	: 64
cache_alignment	: 64
address sizes	: 36 bits physical, 48 bits virtual
power management:

processor	: 2
vendor_id	: GenuineIntel
cpu family	: 6
model		: 37
model name	: Intel(R) Core(TM) i5 CPU       M 450  @ 2.40GHz
stepping	: 5
microcode	: 0x1
cpu MHz		: 1199.000
cache size	: 3072 KB
physical id	: 0
siblings	: 4
core id		: 0
cpu cores	: 2
apicid		: 1
initial apicid	: 1
fpu		: yes
fpu_exception	: yes
cpuid level	: 11
wp		: yes
flags		: fpu vme de pse tsc msr pae mce cx8 apic sep mtrr pge mca cmov pat pse36 clflush dts acpi mmx fxsr sse sse2 ss ht tm pbe syscall nx rdtscp lm constant_tsc arch_perfmon pebs bts rep_good nopl xtopology nonstop_tsc aperfmperf pni dtes64 monitor ds_cpl vmx est tm2 ssse3 cx16 xtpr pdcm pcid sse4_1 sse4_2 popcnt lahf_lm ida arat dtherm tpr_shadow vnmi flexpriority ept vpid
bogomips	: 4787.96
clflush size	: 64
cache_alignment	: 64
address sizes	: 36 bits physical, 48 bits virtual
power management:

processor	: 3
vendor_id	: GenuineIntel
cpu family	: 6
model		: 37
model name	: Intel(R) Core(TM) i5 CPU       M 450  @ 2.40GHz
stepping	: 5
microcode	: 0x1
cpu MHz		: 1999.000
cache size	: 3072 KB
physical id	: 0
siblings	: 4
core id		: 2
cpu cores	: 2
apicid		: 5
initial apicid	: 5
fpu		: yes
fpu_exception	: yes
cpuid level	: 11
wp		: yes
flags		: fpu vme de pse tsc msr pae mce cx8 apic sep mtrr pge mca cmov pat pse36 clflush dts acpi mmx fxsr sse sse2 ss ht tm pbe syscall nx rdtscp lm constant_tsc arch_perfmon pebs bts rep_good nopl xtopology nonstop_tsc aperfmperf pni dtes64 monitor ds_cpl vmx est tm2 ssse3 cx16 xtpr pdcm pcid sse4_1 sse4_2 popcnt lahf_lm ida arat dtherm tpr_shadow vnmi flexpriority ept vpid
bogomips	: 4787.96
clflush size	: 64
cache_alignment	: 64
address sizes	: 36 bits physical, 48 bits virtual
power management:



Memory: 4k page, physical 7968596k(142064k free), swap 8179708k(6810360k free)

vm_info: Java HotSpot(TM) 64-Bit Server VM (25.92-b14) for linux-amd64 JRE (1.8.0_92-b14), built on Mar 31 2016 21:08:29 by "java_re" with gcc 4.3.0 20080428 (Red Hat 4.3.0-8)

time: Wed Jun 15 01:39:18 2016
elapsed time: 287 seconds (0d 0h 4m 47s)

